#
# There is insufficient memory for the Java Runtime Environment to continue.
# Native memory allocation (malloc) failed to allocate 32744 bytes for ChunkPool::allocate
# Possible reasons:
#   The system is out of physical RAM or swap space
#   The process is running with CompressedOops enabled, and the Java Heap may be blocking the growth of the native heap
# Possible solutions:
#   Reduce memory load on the system
#   Increase physical memory or swap space
#   Check if swap backing store is full
#   Decrease Java heap size (-Xmx/-Xms)
#   Decrease number of Java threads
#   Decrease Java thread stack sizes (-Xss)
#   Set larger code cache with -XX:ReservedCodeCacheSize=
#   JVM is running with Unscaled Compressed Oops mode in which the Java heap is
#     placed in the first 4GB address space. The Java Heap base address is the
#     maximum limit for the native heap growth. Please use -XX:HeapBaseMinAddress
#     to set the Java Heap base and to place the Java Heap above 4GB virtual address.
# This output file may be truncated or incomplete.
#
#  Out of Memory Error (arena.cpp:78), pid=11484, tid=10064
#
# JRE version: OpenJDK Runtime Environment (17.0.6) (build 17.0.6+0-b2043.56-9586694)
# Java VM: OpenJDK 64-Bit Server VM (17.0.6+0-b2043.56-9586694, mixed mode, tiered, compressed oops, compressed class ptrs, g1 gc, windows-amd64)
# No core dump will be written. Minidumps are not enabled by default on client versions of Windows
#

---------------  S U M M A R Y ------------

Command Line: --add-opens=java.base/java.util=ALL-UNNAMED --add-opens=java.base/java.lang=ALL-UNNAMED --add-opens=java.base/java.lang.invoke=ALL-UNNAMED --add-opens=java.base/java.util=ALL-UNNAMED --add-opens=java.prefs/java.util.prefs=ALL-UNNAMED --add-opens=java.prefs/java.util.prefs=ALL-UNNAMED --add-opens=java.base/java.nio.charset=ALL-UNNAMED --add-opens=java.base/java.net=ALL-UNNAMED --add-opens=java.base/java.util.concurrent.atomic=ALL-UNNAMED -Xmx1536M -Dfile.encoding=windows-1252 -Duser.country=IN -Duser.language=en -Duser.variant org.gradle.launcher.daemon.bootstrap.GradleDaemon 7.5

Host: 11th Gen Intel(R) Core(TM) i5-1135G7 @ 2.40GHz, 8 cores, 7G,  Windows 11 , 64 bit Build 22621 (10.0.22621.2215)
Time: Sun Sep 17 09:38:56 2023 India Standard Time elapsed time: 26.850747 seconds (0d 0h 0m 26s)

---------------  T H R E A D  ---------------

Current thread (0x0000018f7e4544d0):  JavaThread "C2 CompilerThread0" daemon [_thread_in_native, id=10064, stack(0x0000006f33f00000,0x0000006f34000000)]


Current CompileTask:
C2:  26850 10352       4       org.gradle.internal.logging.text.AbstractLineChoppingStyledTextOutput::doAppend (43 bytes)

Stack: [0x0000006f33f00000,0x0000006f34000000]
Native frames: (J=compiled Java code, j=interpreted, Vv=VM code, C=native code)
V  [jvm.dll+0x683b4a]
V  [jvm.dll+0x842654]
V  [jvm.dll+0x843dfe]
V  [jvm.dll+0x844463]
V  [jvm.dll+0x249b75]
V  [jvm.dll+0xabecc]
V  [jvm.dll+0xac27c]
V  [jvm.dll+0x1babf6]
V  [jvm.dll+0x3449be]
V  [jvm.dll+0x693773]
V  [jvm.dll+0x693f13]
V  [jvm.dll+0x693547]
V  [jvm.dll+0x691442]
V  [jvm.dll+0x1a81fc]
V  [jvm.dll+0x2b0104]
V  [jvm.dll+0x69bf45]
V  [jvm.dll+0x693f0b]
V  [jvm.dll+0x693547]
V  [jvm.dll+0x691442]
V  [jvm.dll+0x1a81fc]
V  [jvm.dll+0x1a8dc6]
V  [jvm.dll+0x2b0104]
V  [jvm.dll+0x69bf45]
V  [jvm.dll+0x693f0b]
V  [jvm.dll+0x693547]
V  [jvm.dll+0x691442]
V  [jvm.dll+0x1a81fc]
V  [jvm.dll+0x2b0104]
V  [jvm.dll+0x69bf45]
V  [jvm.dll+0x693f0b]
V  [jvm.dll+0x693547]
V  [jvm.dll+0x691442]
V  [jvm.dll+0x1a81fc]
V  [jvm.dll+0x1a8dc6]
V  [jvm.dll+0x1a8dc6]
V  [jvm.dll+0x2b0104]
V  [jvm.dll+0x69bf45]
V  [jvm.dll+0x693f0b]
V  [jvm.dll+0x693547]
V  [jvm.dll+0x691442]
V  [jvm.dll+0x1a81fc]
V  [jvm.dll+0x1a8dc6]
V  [jvm.dll+0x1a8dc6]
V  [jvm.dll+0x2b0104]
V  [jvm.dll+0x69bf45]
V  [jvm.dll+0x693f0b]
V  [jvm.dll+0x693547]
V  [jvm.dll+0x691442]
V  [jvm.dll+0x1a81fc]
V  [jvm.dll+0x1a8dc6]
V  [jvm.dll+0x1a8dc6]
V  [jvm.dll+0x2b0104]
V  [jvm.dll+0x69bf45]
V  [jvm.dll+0x693f0b]
V  [jvm.dll+0x693547]
V  [jvm.dll+0x691442]
V  [jvm.dll+0x1a81fc]
V  [jvm.dll+0x1a8dc6]
V  [jvm.dll+0x2b0104]
V  [jvm.dll+0x69bf45]
V  [jvm.dll+0x693f0b]
V  [jvm.dll+0x693547]
V  [jvm.dll+0x691442]
V  [jvm.dll+0x1a81fc]
V  [jvm.dll+0x21b1e8]
V  [jvm.dll+0x1a4fdd]
V  [jvm.dll+0x22b098]
V  [jvm.dll+0x229159]
V  [jvm.dll+0x7f809c]
V  [jvm.dll+0x7f25fa]
V  [jvm.dll+0x682985]
C  [ucrtbase.dll+0x29363]
C  [KERNEL32.DLL+0x1257d]
C  [ntdll.dll+0x5aa68]


---------------  P R O C E S S  ---------------

Threads class SMR info:
_java_thread_list=0x0000018f0274bfd0, length=141, elements={
0x0000018f62c8e780, 0x0000018f7d8e5cf0, 0x0000018f7d8e68a0, 0x0000018f7e435ac0,
0x0000018f7e436580, 0x0000018f7e436f30, 0x0000018f7e44fdd0, 0x0000018f7e4544d0,
0x0000018f7e46c530, 0x0000018f7e4572d0, 0x0000018f7e5ec010, 0x0000018f7e5f0910,
0x0000018f7fb01990, 0x0000018f7f0c5260, 0x0000018f7ff3fee0, 0x0000018f00930a70,
0x0000018f7fb9fe80, 0x0000018f7fba0350, 0x0000018f7ff35370, 0x0000018f009fd1a0,
0x0000018f009fbe60, 0x0000018f009fb4c0, 0x0000018f009fd670, 0x0000018f009fc330,
0x0000018f009fc800, 0x0000018f009fb990, 0x0000018f009fdb40, 0x0000018f009fccd0,
0x0000018f009fe010, 0x0000018f009fe4e0, 0x0000018f009fab20, 0x0000018f009faff0,
0x0000018f022d2b90, 0x0000018f022d43a0, 0x0000018f022d5210, 0x0000018f022d90a0,
0x0000018f022d4870, 0x0000018f022d56e0, 0x0000018f022d26c0, 0x0000018f022d3060,
0x0000018f022d3a00, 0x0000018f022d3ed0, 0x0000018f022d5bb0, 0x0000018f022d21f0,
0x0000018f022d6080, 0x0000018f022d8230, 0x0000018f022d7d60, 0x0000018f022d6550,
0x0000018f022d6a20, 0x0000018f022d8700, 0x0000018f022d6ef0, 0x0000018f022d73c0,
0x0000018f022d7890, 0x0000018f05ef20a0, 0x0000018f05ef4250, 0x0000018f05ef4720,
0x0000018f05ef7270, 0x0000018f05ef3d80, 0x0000018f05ef2570, 0x0000018f05ef6da0,
0x0000018f05ef5f30, 0x0000018f05ef1bd0, 0x0000018f05ef0890, 0x0000018f05ef33e0,
0x0000018f05ef0d60, 0x0000018f05ef7740, 0x0000018f05ef50c0, 0x0000018f05eefef0,
0x0000018f05ef1230, 0x0000018f05ef2a40, 0x0000018f05ef5590, 0x0000018f05ef2f10,
0x0000018f05ef1700, 0x0000018f05ef38b0, 0x0000018f05ef6400, 0x0000018f05ef4bf0,
0x0000018f05ef5a60, 0x0000018f05ef68d0, 0x0000018f05ef03c0, 0x0000018f018d8950,
0x0000018f018d8480, 0x0000018f018d8e20, 0x0000018f018d97c0, 0x0000018f018d2de0,
0x0000018f018d32b0, 0x0000018f018d92f0, 0x0000018f018d3780, 0x0000018f018d2910,
0x0000018f018d7140, 0x0000018f018d4f90, 0x0000018f018d3c50, 0x0000018f018d4120,
0x0000018f018d4ac0, 0x0000018f018d67a0, 0x0000018f018d45f0, 0x0000018f018d7ae0,
0x0000018f018d5460, 0x0000018f018d62d0, 0x0000018f018d9c90, 0x0000018f018da160,
0x0000018f018d7610, 0x0000018f018d7fb0, 0x0000018f018d5930, 0x0000018f018d5e00,
0x0000018f018d6c70, 0x0000018f039471c0, 0x0000018f03947690, 0x0000018f03947b60,
0x0000018f03946820, 0x0000018f03944670, 0x0000018f03942e60, 0x0000018f039441a0,
0x0000018f039424c0, 0x0000018f03944b40, 0x0000018f03943800, 0x0000018f03948030,
0x0000018f03941ff0, 0x0000018f03948500, 0x0000018f039489d0, 0x0000018f03949370,
0x0000018f03948ea0, 0x0000018f03946350, 0x0000018f03949840, 0x0000018f03943cd0,
0x0000018f03945010, 0x0000018f03943330, 0x0000018f039454e0, 0x0000018f039459b0,
0x0000018f03942990, 0x0000018f03945e80, 0x0000018f01b13fd0, 0x0000018f01b13b00,
0x0000018f01b144a0, 0x0000018f01b13630, 0x0000018f01b11480, 0x0000018f01ca2220,
0x0000018f01ca0070, 0x0000018f01ca3560, 0x0000018f01ca2bc0, 0x0000018f01ca3a30,
0x0000018f01ca60b0
}

Java Threads: ( => current thread )
  0x0000018f62c8e780 JavaThread "main" [_thread_blocked, id=16304, stack(0x0000006f33200000,0x0000006f33300000)]
  0x0000018f7d8e5cf0 JavaThread "Reference Handler" daemon [_thread_blocked, id=9416, stack(0x0000006f33900000,0x0000006f33a00000)]
  0x0000018f7d8e68a0 JavaThread "Finalizer" daemon [_thread_blocked, id=16264, stack(0x0000006f33a00000,0x0000006f33b00000)]
  0x0000018f7e435ac0 JavaThread "Signal Dispatcher" daemon [_thread_blocked, id=10664, stack(0x0000006f33b00000,0x0000006f33c00000)]
  0x0000018f7e436580 JavaThread "Attach Listener" daemon [_thread_blocked, id=16140, stack(0x0000006f33c00000,0x0000006f33d00000)]
  0x0000018f7e436f30 JavaThread "Service Thread" daemon [_thread_blocked, id=1168, stack(0x0000006f33d00000,0x0000006f33e00000)]
  0x0000018f7e44fdd0 JavaThread "Monitor Deflation Thread" daemon [_thread_blocked, id=16184, stack(0x0000006f33e00000,0x0000006f33f00000)]
=>0x0000018f7e4544d0 JavaThread "C2 CompilerThread0" daemon [_thread_in_native, id=10064, stack(0x0000006f33f00000,0x0000006f34000000)]
  0x0000018f7e46c530 JavaThread "C1 CompilerThread0" daemon [_thread_blocked, id=9356, stack(0x0000006f34000000,0x0000006f34100000)]
  0x0000018f7e4572d0 JavaThread "Sweeper thread" daemon [_thread_blocked, id=15116, stack(0x0000006f34100000,0x0000006f34200000)]
  0x0000018f7e5ec010 JavaThread "Common-Cleaner" daemon [_thread_blocked, id=7648, stack(0x0000006f34200000,0x0000006f34300000)]
  0x0000018f7e5f0910 JavaThread "Notification Thread" daemon [_thread_blocked, id=11460, stack(0x0000006f34300000,0x0000006f34400000)]
  0x0000018f7fb01990 JavaThread "Daemon health stats" [_thread_blocked, id=16252, stack(0x0000006f34a00000,0x0000006f34b00000)]
  0x0000018f7f0c5260 JavaThread "Incoming local TCP Connector on port 52389" [_thread_in_native, id=8480, stack(0x0000006f34b00000,0x0000006f34c00000)]
  0x0000018f7ff3fee0 JavaThread "Daemon periodic checks" [_thread_blocked, id=16052, stack(0x0000006f34c00000,0x0000006f34d00000)]
  0x0000018f00930a70 JavaThread "Daemon" [_thread_blocked, id=14232, stack(0x0000006f34d00000,0x0000006f34e00000)]
  0x0000018f7fb9fe80 JavaThread "Handler for socket connection from /127.0.0.1:52389 to /127.0.0.1:52390" [_thread_in_native, id=9844, stack(0x0000006f34e00000,0x0000006f34f00000)]
  0x0000018f7fba0350 JavaThread "Cancel handler" [_thread_blocked, id=11492, stack(0x0000006f34f00000,0x0000006f35000000)]
  0x0000018f7ff35370 JavaThread "Daemon worker" [_thread_blocked, id=14052, stack(0x0000006f35000000,0x0000006f35100000)]
  0x0000018f009fd1a0 JavaThread "Asynchronous log dispatcher for DefaultDaemonConnection: socket connection from /127.0.0.1:52389 to /127.0.0.1:52390" [_thread_blocked, id=13664, stack(0x0000006f35100000,0x0000006f35200000)]
  0x0000018f009fbe60 JavaThread "Stdin handler" [_thread_blocked, id=12720, stack(0x0000006f35200000,0x0000006f35300000)]
  0x0000018f009fb4c0 JavaThread "Daemon client event forwarder" [_thread_blocked, id=8200, stack(0x0000006f35300000,0x0000006f35400000)]
  0x0000018f009fd670 JavaThread "Cache worker for journal cache (C:\Users\Abhishek\.gradle\caches\journal-1)" [_thread_blocked, id=15364, stack(0x0000006f35400000,0x0000006f35500000)]
  0x0000018f009fc330 JavaThread "File lock request listener" [_thread_in_native, id=13804, stack(0x0000006f35500000,0x0000006f35600000)]
  0x0000018f009fc800 JavaThread "Cache worker for file hash cache (C:\Users\Abhishek\.gradle\caches\7.5\fileHashes)" [_thread_blocked, id=10564, stack(0x0000006f35a00000,0x0000006f35b00000)]
  0x0000018f009fb990 JavaThread "File watcher server" daemon [_thread_in_native, id=14600, stack(0x0000006f35b00000,0x0000006f35c00000)]
  0x0000018f009fdb40 JavaThread "File watcher consumer" daemon [_thread_blocked, id=9344, stack(0x0000006f35c00000,0x0000006f35d00000)]
  0x0000018f009fccd0 JavaThread "Cache worker for checksums cache (C:\Users\Abhishek\OneDrive\Desktop\cal-fal\cal\android\.gradle\7.5\checksums)" [_thread_blocked, id=8624, stack(0x0000006f35d00000,0x0000006f35e00000)]
  0x0000018f009fe010 JavaThread "Cache worker for cache directory md-rule (C:\Users\Abhishek\.gradle\caches\7.5\md-rule)" [_thread_blocked, id=8128, stack(0x0000006f35e00000,0x0000006f35f00000)]
  0x0000018f009fe4e0 JavaThread "Cache worker for file content cache (C:\Users\Abhishek\.gradle\caches\7.5\fileContent)" [_thread_blocked, id=16076, stack(0x0000006f35f00000,0x0000006f36000000)]
  0x0000018f009fab20 JavaThread "Cache worker for file hash cache (C:\Users\Abhishek\OneDrive\Desktop\cal-fal\cal\android\.gradle\7.5\fileHashes)" [_thread_blocked, id=3400, stack(0x0000006f36000000,0x0000006f36100000)]
  0x0000018f009faff0 JavaThread "Cache worker for cache directory md-supplier (C:\Users\Abhishek\.gradle\caches\7.5\md-supplier)" [_thread_blocked, id=16036, stack(0x0000006f36100000,0x0000006f36200000)]
  0x0000018f022d2b90 JavaThread "Cache worker for execution history cache (C:\Users\Abhishek\.gradle\caches\7.5\executionHistory)" [_thread_blocked, id=13740, stack(0x0000006f36200000,0x0000006f36300000)]
  0x0000018f022d43a0 JavaThread "jar transforms" [_thread_blocked, id=4248, stack(0x0000006f36400000,0x0000006f36500000)]
  0x0000018f022d5210 JavaThread "jar transforms Thread 2" [_thread_blocked, id=4332, stack(0x0000006f36500000,0x0000006f36600000)]
  0x0000018f022d90a0 JavaThread "jar transforms Thread 3" [_thread_blocked, id=3944, stack(0x0000006f36600000,0x0000006f36700000)]
  0x0000018f022d4870 JavaThread "jar transforms Thread 4" [_thread_blocked, id=4468, stack(0x0000006f36700000,0x0000006f36800000)]
  0x0000018f022d56e0 JavaThread "Cache worker for dependencies-accessors (C:\Users\Abhishek\OneDrive\Desktop\cal-fal\cal\android\.gradle\7.5\dependencies-accessors)" [_thread_blocked, id=3856, stack(0x0000006f36800000,0x0000006f36900000)]
  0x0000018f022d26c0 JavaThread "jar transforms Thread 5" [_thread_blocked, id=4424, stack(0x0000006f36900000,0x0000006f36a00000)]
  0x0000018f022d3060 JavaThread "Cache worker for Build Output Cleanup Cache (C:\Users\Abhishek\OneDrive\Desktop\cal-fal\cal\android\.gradle\buildOutputCleanup)" [_thread_blocked, id=14692, stack(0x0000006f36a00000,0x0000006f36b00000)]
  0x0000018f022d3a00 JavaThread "Unconstrained build operations" [_thread_blocked, id=14896, stack(0x0000006f36b00000,0x0000006f36c00000)]
  0x0000018f022d3ed0 JavaThread "Unconstrained build operations Thread 2" [_thread_blocked, id=9332, stack(0x0000006f36c00000,0x0000006f36d00000)]
  0x0000018f022d5bb0 JavaThread "Unconstrained build operations Thread 3" [_thread_blocked, id=12456, stack(0x0000006f36d00000,0x0000006f36e00000)]
  0x0000018f022d21f0 JavaThread "Unconstrained build operations Thread 4" [_thread_blocked, id=7460, stack(0x0000006f36e00000,0x0000006f36f00000)]
  0x0000018f022d6080 JavaThread "Unconstrained build operations Thread 5" [_thread_blocked, id=6464, stack(0x0000006f36f00000,0x0000006f37000000)]
  0x0000018f022d8230 JavaThread "Unconstrained build operations Thread 6" [_thread_blocked, id=5528, stack(0x0000006f37000000,0x0000006f37100000)]
  0x0000018f022d7d60 JavaThread "Unconstrained build operations Thread 7" [_thread_blocked, id=15012, stack(0x0000006f37100000,0x0000006f37200000)]
  0x0000018f022d6550 JavaThread "Unconstrained build operations Thread 8" [_thread_blocked, id=6188, stack(0x0000006f37200000,0x0000006f37300000)]
  0x0000018f022d6a20 JavaThread "Unconstrained build operations Thread 9" [_thread_blocked, id=6788, stack(0x0000006f37300000,0x0000006f37400000)]
  0x0000018f022d8700 JavaThread "Unconstrained build operations Thread 10" [_thread_blocked, id=3332, stack(0x0000006f37400000,0x0000006f37500000)]
  0x0000018f022d6ef0 JavaThread "Unconstrained build operations Thread 11" [_thread_blocked, id=8452, stack(0x0000006f37500000,0x0000006f37600000)]
  0x0000018f022d73c0 JavaThread "Unconstrained build operations Thread 12" [_thread_blocked, id=2440, stack(0x0000006f37600000,0x0000006f37700000)]
  0x0000018f022d7890 JavaThread "Unconstrained build operations Thread 13" [_thread_blocked, id=7356, stack(0x0000006f37700000,0x0000006f37800000)]
  0x0000018f05ef20a0 JavaThread "Unconstrained build operations Thread 14" [_thread_blocked, id=10424, stack(0x0000006f37800000,0x0000006f37900000)]
  0x0000018f05ef4250 JavaThread "Unconstrained build operations Thread 15" [_thread_blocked, id=7320, stack(0x0000006f37900000,0x0000006f37a00000)]
  0x0000018f05ef4720 JavaThread "Unconstrained build operations Thread 16" [_thread_blocked, id=11656, stack(0x0000006f37a00000,0x0000006f37b00000)]
  0x0000018f05ef7270 JavaThread "Unconstrained build operations Thread 17" [_thread_blocked, id=2864, stack(0x0000006f37b00000,0x0000006f37c00000)]
  0x0000018f05ef3d80 JavaThread "Unconstrained build operations Thread 18" [_thread_blocked, id=14392, stack(0x0000006f37c00000,0x0000006f37d00000)]
  0x0000018f05ef2570 JavaThread "Unconstrained build operations Thread 19" [_thread_blocked, id=9404, stack(0x0000006f37d00000,0x0000006f37e00000)]
  0x0000018f05ef6da0 JavaThread "Unconstrained build operations Thread 20" [_thread_blocked, id=11924, stack(0x0000006f37e00000,0x0000006f37f00000)]
  0x0000018f05ef5f30 JavaThread "Unconstrained build operations Thread 21" [_thread_blocked, id=1416, stack(0x0000006f37f00000,0x0000006f38000000)]
  0x0000018f05ef1bd0 JavaThread "Unconstrained build operations Thread 22" [_thread_blocked, id=9740, stack(0x0000006f38000000,0x0000006f38100000)]
  0x0000018f05ef0890 JavaThread "Unconstrained build operations Thread 23" [_thread_blocked, id=13176, stack(0x0000006f38100000,0x0000006f38200000)]
  0x0000018f05ef33e0 JavaThread "Unconstrained build operations Thread 24" [_thread_blocked, id=6796, stack(0x0000006f38200000,0x0000006f38300000)]
  0x0000018f05ef0d60 JavaThread "Unconstrained build operations Thread 25" [_thread_blocked, id=6568, stack(0x0000006f38300000,0x0000006f38400000)]
  0x0000018f05ef7740 JavaThread "Unconstrained build operations Thread 26" [_thread_blocked, id=11488, stack(0x0000006f38400000,0x0000006f38500000)]
  0x0000018f05ef50c0 JavaThread "Unconstrained build operations Thread 27" [_thread_blocked, id=16084, stack(0x0000006f38500000,0x0000006f38600000)]
  0x0000018f05eefef0 JavaThread "Unconstrained build operations Thread 28" [_thread_blocked, id=2560, stack(0x0000006f38600000,0x0000006f38700000)]
  0x0000018f05ef1230 JavaThread "Unconstrained build operations Thread 29" [_thread_blocked, id=5980, stack(0x0000006f38700000,0x0000006f38800000)]
  0x0000018f05ef2a40 JavaThread "Unconstrained build operations Thread 30" [_thread_blocked, id=3008, stack(0x0000006f38800000,0x0000006f38900000)]
  0x0000018f05ef5590 JavaThread "Unconstrained build operations Thread 31" [_thread_blocked, id=9088, stack(0x0000006f38900000,0x0000006f38a00000)]
  0x0000018f05ef2f10 JavaThread "Unconstrained build operations Thread 32" [_thread_blocked, id=10428, stack(0x0000006f38a00000,0x0000006f38b00000)]
  0x0000018f05ef1700 JavaThread "Unconstrained build operations Thread 33" [_thread_blocked, id=13284, stack(0x0000006f38b00000,0x0000006f38c00000)]
  0x0000018f05ef38b0 JavaThread "Unconstrained build operations Thread 34" [_thread_blocked, id=14496, stack(0x0000006f38c00000,0x0000006f38d00000)]
  0x0000018f05ef6400 JavaThread "Unconstrained build operations Thread 35" [_thread_blocked, id=12124, stack(0x0000006f38d00000,0x0000006f38e00000)]
  0x0000018f05ef4bf0 JavaThread "Unconstrained build operations Thread 36" [_thread_blocked, id=15416, stack(0x0000006f38e00000,0x0000006f38f00000)]
  0x0000018f05ef5a60 JavaThread "Unconstrained build operations Thread 37" [_thread_blocked, id=11012, stack(0x0000006f38f00000,0x0000006f39000000)]
  0x0000018f05ef68d0 JavaThread "Unconstrained build operations Thread 38" [_thread_blocked, id=8168, stack(0x0000006f39000000,0x0000006f39100000)]
  0x0000018f05ef03c0 JavaThread "Unconstrained build operations Thread 39" [_thread_blocked, id=15268, stack(0x0000006f39100000,0x0000006f39200000)]
  0x0000018f018d8950 JavaThread "Unconstrained build operations Thread 40" [_thread_blocked, id=7656, stack(0x0000006f39200000,0x0000006f39300000)]
  0x0000018f018d8480 JavaThread "Unconstrained build operations Thread 41" [_thread_blocked, id=3100, stack(0x0000006f39300000,0x0000006f39400000)]
  0x0000018f018d8e20 JavaThread "Unconstrained build operations Thread 42" [_thread_blocked, id=12660, stack(0x0000006f39400000,0x0000006f39500000)]
  0x0000018f018d97c0 JavaThread "Unconstrained build operations Thread 43" [_thread_blocked, id=5232, stack(0x0000006f39500000,0x0000006f39600000)]
  0x0000018f018d2de0 JavaThread "Unconstrained build operations Thread 44" [_thread_blocked, id=3280, stack(0x0000006f39600000,0x0000006f39700000)]
  0x0000018f018d32b0 JavaThread "Unconstrained build operations Thread 45" [_thread_blocked, id=15664, stack(0x0000006f39700000,0x0000006f39800000)]
  0x0000018f018d92f0 JavaThread "Unconstrained build operations Thread 46" [_thread_blocked, id=15932, stack(0x0000006f39800000,0x0000006f39900000)]
  0x0000018f018d3780 JavaThread "Unconstrained build operations Thread 47" [_thread_blocked, id=13764, stack(0x0000006f39900000,0x0000006f39a00000)]
  0x0000018f018d2910 JavaThread "Unconstrained build operations Thread 48" [_thread_blocked, id=15008, stack(0x0000006f39a00000,0x0000006f39b00000)]
  0x0000018f018d7140 JavaThread "Unconstrained build operations Thread 49" [_thread_blocked, id=14104, stack(0x0000006f39b00000,0x0000006f39c00000)]
  0x0000018f018d4f90 JavaThread "Unconstrained build operations Thread 50" [_thread_blocked, id=10868, stack(0x0000006f39c00000,0x0000006f39d00000)]
  0x0000018f018d3c50 JavaThread "Unconstrained build operations Thread 51" [_thread_blocked, id=6576, stack(0x0000006f39d00000,0x0000006f39e00000)]
  0x0000018f018d4120 JavaThread "Unconstrained build operations Thread 52" [_thread_blocked, id=15544, stack(0x0000006f39e00000,0x0000006f39f00000)]
  0x0000018f018d4ac0 JavaThread "Unconstrained build operations Thread 53" [_thread_blocked, id=9212, stack(0x0000006f39f00000,0x0000006f3a000000)]
  0x0000018f018d67a0 JavaThread "Unconstrained build operations Thread 54" [_thread_blocked, id=3516, stack(0x0000006f3a000000,0x0000006f3a100000)]
  0x0000018f018d45f0 JavaThread "Unconstrained build operations Thread 55" [_thread_blocked, id=5464, stack(0x0000006f3a100000,0x0000006f3a200000)]
  0x0000018f018d7ae0 JavaThread "Unconstrained build operations Thread 56" [_thread_blocked, id=6856, stack(0x0000006f3a200000,0x0000006f3a300000)]
  0x0000018f018d5460 JavaThread "Unconstrained build operations Thread 57" [_thread_blocked, id=3088, stack(0x0000006f3a300000,0x0000006f3a400000)]
  0x0000018f018d62d0 JavaThread "Unconstrained build operations Thread 58" [_thread_blocked, id=13348, stack(0x0000006f3a400000,0x0000006f3a500000)]
  0x0000018f018d9c90 JavaThread "Unconstrained build operations Thread 59" [_thread_blocked, id=7568, stack(0x0000006f3a500000,0x0000006f3a600000)]
  0x0000018f018da160 JavaThread "Unconstrained build operations Thread 60" [_thread_blocked, id=3096, stack(0x0000006f3a600000,0x0000006f3a700000)]
  0x0000018f018d7610 JavaThread "Unconstrained build operations Thread 61" [_thread_blocked, id=3780, stack(0x0000006f3a700000,0x0000006f3a800000)]
  0x0000018f018d7fb0 JavaThread "Unconstrained build operations Thread 62" [_thread_blocked, id=7764, stack(0x0000006f3a800000,0x0000006f3a900000)]
  0x0000018f018d5930 JavaThread "Unconstrained build operations Thread 63" [_thread_blocked, id=2988, stack(0x0000006f3a900000,0x0000006f3aa00000)]
  0x0000018f018d5e00 JavaThread "Unconstrained build operations Thread 64" [_thread_blocked, id=3964, stack(0x0000006f3aa00000,0x0000006f3ab00000)]
  0x0000018f018d6c70 JavaThread "Unconstrained build operations Thread 65" [_thread_blocked, id=15868, stack(0x0000006f3ab00000,0x0000006f3ac00000)]
  0x0000018f039471c0 JavaThread "Unconstrained build operations Thread 66" [_thread_blocked, id=11852, stack(0x0000006f3ac00000,0x0000006f3ad00000)]
  0x0000018f03947690 JavaThread "Unconstrained build operations Thread 67" [_thread_blocked, id=7624, stack(0x0000006f3ad00000,0x0000006f3ae00000)]
  0x0000018f03947b60 JavaThread "Unconstrained build operations Thread 68" [_thread_blocked, id=1676, stack(0x0000006f3ae00000,0x0000006f3af00000)]
  0x0000018f03946820 JavaThread "Unconstrained build operations Thread 69" [_thread_blocked, id=15284, stack(0x0000006f3af00000,0x0000006f3b000000)]
  0x0000018f03944670 JavaThread "Unconstrained build operations Thread 70" [_thread_blocked, id=11988, stack(0x0000006f3b000000,0x0000006f3b100000)]
  0x0000018f03942e60 JavaThread "Unconstrained build operations Thread 71" [_thread_blocked, id=11976, stack(0x0000006f3b100000,0x0000006f3b200000)]
  0x0000018f039441a0 JavaThread "Unconstrained build operations Thread 72" [_thread_blocked, id=5112, stack(0x0000006f3b200000,0x0000006f3b300000)]
  0x0000018f039424c0 JavaThread "Unconstrained build operations Thread 73" [_thread_blocked, id=16324, stack(0x0000006f3b300000,0x0000006f3b400000)]
  0x0000018f03944b40 JavaThread "Unconstrained build operations Thread 74" [_thread_blocked, id=15432, stack(0x0000006f3b400000,0x0000006f3b500000)]
  0x0000018f03943800 JavaThread "Unconstrained build operations Thread 75" [_thread_blocked, id=15808, stack(0x0000006f3b500000,0x0000006f3b600000)]
  0x0000018f03948030 JavaThread "Unconstrained build operations Thread 76" [_thread_blocked, id=5304, stack(0x0000006f3b600000,0x0000006f3b700000)]
  0x0000018f03941ff0 JavaThread "Unconstrained build operations Thread 77" [_thread_blocked, id=12768, stack(0x0000006f3b700000,0x0000006f3b800000)]
  0x0000018f03948500 JavaThread "Unconstrained build operations Thread 78" [_thread_blocked, id=6980, stack(0x0000006f3b800000,0x0000006f3b900000)]
  0x0000018f039489d0 JavaThread "Unconstrained build operations Thread 79" [_thread_blocked, id=4180, stack(0x0000006f3b900000,0x0000006f3ba00000)]
  0x0000018f03949370 JavaThread "Unconstrained build operations Thread 80" [_thread_blocked, id=14080, stack(0x0000006f3ba00000,0x0000006f3bb00000)]
  0x0000018f03948ea0 JavaThread "jar transforms Thread 6" [_thread_blocked, id=5036, stack(0x0000006f3bb00000,0x0000006f3bc00000)]
  0x0000018f03946350 JavaThread "jar transforms Thread 7" [_thread_blocked, id=14396, stack(0x0000006f3bc00000,0x0000006f3bd00000)]
  0x0000018f03949840 JavaThread "jar transforms Thread 8" [_thread_blocked, id=16320, stack(0x0000006f3bd00000,0x0000006f3be00000)]
  0x0000018f03943cd0 JavaThread "Cache worker for kotlin-dsl (C:\Users\Abhishek\.gradle\caches\7.5\kotlin-dsl)" [_thread_blocked, id=3604, stack(0x0000006f3be00000,0x0000006f3bf00000)]
  0x0000018f03945010 JavaThread "Cache worker for Build Output Cleanup Cache (C:\src\flutter\packages\flutter_tools\gradle\.gradle\buildOutputCleanup)" [_thread_blocked, id=15100, stack(0x0000006f3bf00000,0x0000006f3c000000)]
  0x0000018f03943330 JavaThread "Memory manager" [_thread_blocked, id=15452, stack(0x0000006f3c000000,0x0000006f3c100000)]
  0x0000018f039454e0 JavaThread "included builds" [_thread_blocked, id=2008, stack(0x0000006f3c100000,0x0000006f3c200000)]
  0x0000018f039459b0 JavaThread "Execution worker" [_thread_blocked, id=14940, stack(0x0000006f3c200000,0x0000006f3c300000)]
  0x0000018f03942990 JavaThread "Execution worker Thread 2" [_thread_blocked, id=6828, stack(0x0000006f3c300000,0x0000006f3c400000)]
  0x0000018f03945e80 JavaThread "Execution worker Thread 3" [_thread_blocked, id=3732, stack(0x0000006f3c400000,0x0000006f3c500000)]
  0x0000018f01b13fd0 JavaThread "Execution worker Thread 4" [_thread_blocked, id=1764, stack(0x0000006f3c500000,0x0000006f3c600000)]
  0x0000018f01b13b00 JavaThread "Execution worker Thread 5" [_thread_blocked, id=14000, stack(0x0000006f3c600000,0x0000006f3c700000)]
  0x0000018f01b144a0 JavaThread "Execution worker Thread 6" [_thread_blocked, id=15888, stack(0x0000006f3c700000,0x0000006f3c800000)]
  0x0000018f01b13630 JavaThread "Execution worker Thread 7" [_thread_blocked, id=15180, stack(0x0000006f3c800000,0x0000006f3c900000)]
  0x0000018f01b11480 JavaThread "Cache worker for execution history cache (C:\src\flutter\packages\flutter_tools\gradle\.gradle\7.5\executionHistory)" [_thread_blocked, id=14428, stack(0x0000006f3c900000,0x0000006f3ca00000)]
  0x0000018f01ca2220 JavaThread "pool-3-thread-1" [_thread_blocked, id=8512, stack(0x0000006f34500000,0x0000006f34600000)]
  0x0000018f01ca0070 JavaThread "build event listener" [_thread_blocked, id=1832, stack(0x0000006f3ca00000,0x0000006f3cb00000)]
  0x0000018f01ca3560 JavaThread "Cache worker for execution history cache (C:\Users\Abhishek\OneDrive\Desktop\cal-fal\cal\android\.gradle\7.5\executionHistory)" [_thread_blocked, id=13788, stack(0x0000006f3cb00000,0x0000006f3cc00000)]
  0x0000018f01ca2bc0 JavaThread "Exec process" [_thread_in_native, id=15824, stack(0x0000006f3cc00000,0x0000006f3cd00000)]
  0x0000018f01ca3a30 JavaThread "Exec process Thread 2" [_thread_in_native, id=12004, stack(0x0000006f3cd00000,0x0000006f3ce00000)]
  0x0000018f01ca60b0 JavaThread "Exec process Thread 3" [_thread_in_native, id=15876, stack(0x0000006f3ce00000,0x0000006f3cf00000)]

Other Threads:
  0x0000018f7d885f10 VMThread "VM Thread" [stack: 0x0000006f33800000,0x0000006f33900000] [id=10676]
  0x0000018f64e0bff0 WatcherThread [stack: 0x0000006f34400000,0x0000006f34500000] [id=3552]
  0x0000018f64dcdb20 GCTaskThread "GC Thread#0" [stack: 0x0000006f33300000,0x0000006f33400000] [id=8940]
  0x0000018f7f2b6620 GCTaskThread "GC Thread#1" [stack: 0x0000006f34600000,0x0000006f34700000] [id=14508]
  0x0000018f7f2b68d0 GCTaskThread "GC Thread#2" [stack: 0x0000006f34700000,0x0000006f34800000] [id=5676]
  0x0000018f7f422860 GCTaskThread "GC Thread#3" [stack: 0x0000006f34800000,0x0000006f34900000] [id=2540]
  0x0000018f7fa46170 GCTaskThread "GC Thread#4" [stack: 0x0000006f34900000,0x0000006f34a00000] [id=9296]
  0x0000018f00baa650 GCTaskThread "GC Thread#5" [stack: 0x0000006f35600000,0x0000006f35700000] [id=2504]
  0x0000018f00baa900 GCTaskThread "GC Thread#6" [stack: 0x0000006f35700000,0x0000006f35800000] [id=2796]
  0x0000018f7f70afc0 GCTaskThread "GC Thread#7" [stack: 0x0000006f35800000,0x0000006f35900000] [id=6608]
  0x0000018f64df7f10 ConcurrentGCThread "G1 Main Marker" [stack: 0x0000006f33400000,0x0000006f33500000] [id=8164]
  0x0000018f64df8f60 ConcurrentGCThread "G1 Conc#0" [stack: 0x0000006f33500000,0x0000006f33600000] [id=9540]
  0x0000018f00ef7290 ConcurrentGCThread "G1 Conc#1" [stack: 0x0000006f35900000,0x0000006f35a00000] [id=2376]
  0x0000018f64e3e800 ConcurrentGCThread "G1 Refine#0" [stack: 0x0000006f33600000,0x0000006f33700000] [id=9096]
  0x0000018f039e3040 ConcurrentGCThread "G1 Refine#1" [stack: 0x0000006f36300000,0x0000006f36400000] [id=11928]
  0x0000018f7d7345e0 ConcurrentGCThread "G1 Service" [stack: 0x0000006f33700000,0x0000006f33800000] [id=7916]

Threads with active compile tasks:
C2 CompilerThread0    26933 10352       4       org.gradle.internal.logging.text.AbstractLineChoppingStyledTextOutput::doAppend (43 bytes)

VM state: not at safepoint (normal execution)

VM Mutex/Monitor currently owned by a thread: None

Heap address: 0x00000000a0000000, size: 1536 MB, Compressed Oops mode: 32-bit

CDS archive(s) not mapped
Compressed class space mapped at: 0x0000000100000000-0x0000000140000000, reserved size: 1073741824
Narrow klass base: 0x0000000000000000, Narrow klass shift: 3, Narrow klass range: 0x140000000

GC Precious Log:
 CPUs: 8 total, 8 available
 Memory: 7971M
 Large Page Support: Disabled
 NUMA Support: Disabled
 Compressed Oops: Enabled (32-bit)
 Heap Region Size: 1M
 Heap Min Capacity: 8M
 Heap Initial Capacity: 126M
 Heap Max Capacity: 1536M
 Pre-touch: Disabled
 Parallel Workers: 8
 Concurrent Workers: 2
 Concurrent Refinement Workers: 8
 Periodic GC: Disabled

Heap:
 garbage-first heap   total 158720K, used 98650K [0x00000000a0000000, 0x0000000100000000)
  region size 1024K, 13 young (13312K), 6 survivors (6144K)
 Metaspace       used 99041K, committed 99904K, reserved 1138688K
  class space    used 13579K, committed 13952K, reserved 1048576K

Heap Regions: E=young(eden), S=young(survivor), O=old, HS=humongous(starts), HC=humongous(continues), CS=collection set, F=free, OA=open archive, CA=closed archive, TAMS=top-at-mark-start (previous, next)
|   0|0x00000000a0000000, 0x00000000a0100000, 0x00000000a0100000|100%| O|  |TAMS 0x00000000a0100000, 0x00000000a0000000| Untracked 
|   1|0x00000000a0100000, 0x00000000a0200000, 0x00000000a0200000|100%| O|  |TAMS 0x00000000a0200000, 0x00000000a0100000| Untracked 
|   2|0x00000000a0200000, 0x00000000a0300000, 0x00000000a0300000|100%| O|  |TAMS 0x00000000a0300000, 0x00000000a0200000| Untracked 
|   3|0x00000000a0300000, 0x00000000a0400000, 0x00000000a0400000|100%|HS|  |TAMS 0x00000000a0400000, 0x00000000a0300000| Complete 
|   4|0x00000000a0400000, 0x00000000a0500000, 0x00000000a0500000|100%|HC|  |TAMS 0x00000000a0500000, 0x00000000a0400000| Complete 
|   5|0x00000000a0500000, 0x00000000a0600000, 0x00000000a0600000|100%|HC|  |TAMS 0x00000000a0600000, 0x00000000a0500000| Complete 
|   6|0x00000000a0600000, 0x00000000a0700000, 0x00000000a0700000|100%| O|  |TAMS 0x00000000a0700000, 0x00000000a0600000| Untracked 
|   7|0x00000000a0700000, 0x00000000a0800000, 0x00000000a0800000|100%| O|  |TAMS 0x00000000a0800000, 0x00000000a0700000| Untracked 
|   8|0x00000000a0800000, 0x00000000a0900000, 0x00000000a0900000|100%| O|  |TAMS 0x00000000a0900000, 0x00000000a0800000| Untracked 
|   9|0x00000000a0900000, 0x00000000a0a00000, 0x00000000a0a00000|100%| O|  |TAMS 0x00000000a0a00000, 0x00000000a0900000| Untracked 
|  10|0x00000000a0a00000, 0x00000000a0a33200, 0x00000000a0b00000| 19%| O|  |TAMS 0x00000000a0a33200, 0x00000000a0a00000| Untracked 
|  11|0x00000000a0b00000, 0x00000000a0c00000, 0x00000000a0c00000|100%| O|  |TAMS 0x00000000a0c00000, 0x00000000a0b00000| Untracked 
|  12|0x00000000a0c00000, 0x00000000a0d00000, 0x00000000a0d00000|100%| O|  |TAMS 0x00000000a0d00000, 0x00000000a0c00000| Untracked 
|  13|0x00000000a0d00000, 0x00000000a0e00000, 0x00000000a0e00000|100%| O|  |TAMS 0x00000000a0e00000, 0x00000000a0d00000| Untracked 
|  14|0x00000000a0e00000, 0x00000000a0f00000, 0x00000000a0f00000|100%| O|  |TAMS 0x00000000a0f00000, 0x00000000a0e00000| Untracked 
|  15|0x00000000a0f00000, 0x00000000a1000000, 0x00000000a1000000|100%| O|  |TAMS 0x00000000a1000000, 0x00000000a0f00000| Untracked 
|  16|0x00000000a1000000, 0x00000000a1100000, 0x00000000a1100000|100%| O|  |TAMS 0x00000000a1100000, 0x00000000a1000000| Untracked 
|  17|0x00000000a1100000, 0x00000000a1200000, 0x00000000a1200000|100%| O|  |TAMS 0x00000000a1200000, 0x00000000a1100000| Untracked 
|  18|0x00000000a1200000, 0x00000000a1300000, 0x00000000a1300000|100%| O|  |TAMS 0x00000000a1300000, 0x00000000a1200000| Untracked 
|  19|0x00000000a1300000, 0x00000000a1400000, 0x00000000a1400000|100%| O|  |TAMS 0x00000000a1400000, 0x00000000a1300000| Untracked 
|  20|0x00000000a1400000, 0x00000000a1500000, 0x00000000a1500000|100%| O|  |TAMS 0x00000000a1500000, 0x00000000a1400000| Untracked 
|  21|0x00000000a1500000, 0x00000000a1600000, 0x00000000a1600000|100%| O|  |TAMS 0x00000000a1600000, 0x00000000a1500000| Untracked 
|  22|0x00000000a1600000, 0x00000000a1700000, 0x00000000a1700000|100%| O|  |TAMS 0x00000000a1700000, 0x00000000a1600000| Untracked 
|  23|0x00000000a1700000, 0x00000000a1800000, 0x00000000a1800000|100%| O|  |TAMS 0x00000000a1800000, 0x00000000a1700000| Untracked 
|  24|0x00000000a1800000, 0x00000000a1900000, 0x00000000a1900000|100%| O|  |TAMS 0x00000000a1900000, 0x00000000a1800000| Untracked 
|  25|0x00000000a1900000, 0x00000000a1a00000, 0x00000000a1a00000|100%| O|  |TAMS 0x00000000a1a00000, 0x00000000a1900000| Untracked 
|  26|0x00000000a1a00000, 0x00000000a1b00000, 0x00000000a1b00000|100%| O|  |TAMS 0x00000000a1b00000, 0x00000000a1a00000| Untracked 
|  27|0x00000000a1b00000, 0x00000000a1c00000, 0x00000000a1c00000|100%| O|  |TAMS 0x00000000a1c00000, 0x00000000a1b00000| Untracked 
|  28|0x00000000a1c00000, 0x00000000a1d00000, 0x00000000a1d00000|100%| O|  |TAMS 0x00000000a1d00000, 0x00000000a1c00000| Untracked 
|  29|0x00000000a1d00000, 0x00000000a1e00000, 0x00000000a1e00000|100%| O|  |TAMS 0x00000000a1e00000, 0x00000000a1d00000| Untracked 
|  30|0x00000000a1e00000, 0x00000000a1f00000, 0x00000000a1f00000|100%| O|  |TAMS 0x00000000a1f00000, 0x00000000a1e00000| Untracked 
|  31|0x00000000a1f00000, 0x00000000a2000000, 0x00000000a2000000|100%| O|  |TAMS 0x00000000a2000000, 0x00000000a1f00000| Untracked 
|  32|0x00000000a2000000, 0x00000000a2100000, 0x00000000a2100000|100%| O|  |TAMS 0x00000000a2100000, 0x00000000a2000000| Untracked 
|  33|0x00000000a2100000, 0x00000000a2200000, 0x00000000a2200000|100%|HS|  |TAMS 0x00000000a2200000, 0x00000000a2100000| Complete 
|  34|0x00000000a2200000, 0x00000000a2300000, 0x00000000a2300000|100%|HS|  |TAMS 0x00000000a2300000, 0x00000000a2200000| Complete 
|  35|0x00000000a2300000, 0x00000000a2400000, 0x00000000a2400000|100%|HS|  |TAMS 0x00000000a2400000, 0x00000000a2300000| Complete 
|  36|0x00000000a2400000, 0x00000000a2500000, 0x00000000a2500000|100%| O|  |TAMS 0x00000000a2500000, 0x00000000a2400000| Untracked 
|  37|0x00000000a2500000, 0x00000000a2600000, 0x00000000a2600000|100%| O|  |TAMS 0x00000000a2600000, 0x00000000a2500000| Untracked 
|  38|0x00000000a2600000, 0x00000000a2700000, 0x00000000a2700000|100%|HS|  |TAMS 0x00000000a2700000, 0x00000000a2600000| Complete 
|  39|0x00000000a2700000, 0x00000000a2800000, 0x00000000a2800000|100%|HC|  |TAMS 0x00000000a2800000, 0x00000000a2700000| Complete 
|  40|0x00000000a2800000, 0x00000000a2900000, 0x00000000a2900000|100%|HC|  |TAMS 0x00000000a2900000, 0x00000000a2800000| Complete 
|  41|0x00000000a2900000, 0x00000000a2a00000, 0x00000000a2a00000|100%| O|  |TAMS 0x00000000a2a00000, 0x00000000a2900000| Untracked 
|  42|0x00000000a2a00000, 0x00000000a2b00000, 0x00000000a2b00000|100%| O|  |TAMS 0x00000000a2b00000, 0x00000000a2a00000| Untracked 
|  43|0x00000000a2b00000, 0x00000000a2c00000, 0x00000000a2c00000|100%| O|  |TAMS 0x00000000a2c00000, 0x00000000a2b00000| Untracked 
|  44|0x00000000a2c00000, 0x00000000a2d00000, 0x00000000a2d00000|100%| O|  |TAMS 0x00000000a2d00000, 0x00000000a2c00000| Untracked 
|  45|0x00000000a2d00000, 0x00000000a2e00000, 0x00000000a2e00000|100%|HS|  |TAMS 0x00000000a2e00000, 0x00000000a2d00000| Complete 
|  46|0x00000000a2e00000, 0x00000000a2f00000, 0x00000000a2f00000|100%|HC|  |TAMS 0x00000000a2f00000, 0x00000000a2e00000| Complete 
|  47|0x00000000a2f00000, 0x00000000a3000000, 0x00000000a3000000|100%| O|  |TAMS 0x00000000a3000000, 0x00000000a2f00000| Untracked 
|  48|0x00000000a3000000, 0x00000000a3100000, 0x00000000a3100000|100%| O|  |TAMS 0x00000000a3100000, 0x00000000a3000000| Untracked 
|  49|0x00000000a3100000, 0x00000000a3200000, 0x00000000a3200000|100%| O|  |TAMS 0x00000000a3200000, 0x00000000a3100000| Untracked 
|  50|0x00000000a3200000, 0x00000000a3300000, 0x00000000a3300000|100%| O|  |TAMS 0x00000000a3300000, 0x00000000a3200000| Untracked 
|  51|0x00000000a3300000, 0x00000000a3400000, 0x00000000a3400000|100%| O|  |TAMS 0x00000000a3400000, 0x00000000a3300000| Untracked 
|  52|0x00000000a3400000, 0x00000000a3500000, 0x00000000a3500000|100%| O|  |TAMS 0x00000000a3500000, 0x00000000a3400000| Untracked 
|  53|0x00000000a3500000, 0x00000000a3600000, 0x00000000a3600000|100%| O|  |TAMS 0x00000000a3600000, 0x00000000a3500000| Untracked 
|  54|0x00000000a3600000, 0x00000000a3700000, 0x00000000a3700000|100%| O|  |TAMS 0x00000000a3700000, 0x00000000a3600000| Untracked 
|  55|0x00000000a3700000, 0x00000000a3800000, 0x00000000a3800000|100%| O|  |TAMS 0x00000000a3800000, 0x00000000a3700000| Untracked 
|  56|0x00000000a3800000, 0x00000000a3900000, 0x00000000a3900000|100%| O|  |TAMS 0x00000000a3900000, 0x00000000a3800000| Untracked 
|  57|0x00000000a3900000, 0x00000000a3a00000, 0x00000000a3a00000|100%| O|  |TAMS 0x00000000a3a00000, 0x00000000a3900000| Untracked 
|  58|0x00000000a3a00000, 0x00000000a3b00000, 0x00000000a3b00000|100%| O|  |TAMS 0x00000000a3b00000, 0x00000000a3a00000| Untracked 
|  59|0x00000000a3b00000, 0x00000000a3c00000, 0x00000000a3c00000|100%| O|  |TAMS 0x00000000a3c00000, 0x00000000a3b00000| Untracked 
|  60|0x00000000a3c00000, 0x00000000a3d00000, 0x00000000a3d00000|100%| O|  |TAMS 0x00000000a3d00000, 0x00000000a3c00000| Untracked 
|  61|0x00000000a3d00000, 0x00000000a3e00000, 0x00000000a3e00000|100%| O|  |TAMS 0x00000000a3e00000, 0x00000000a3d00000| Untracked 
|  62|0x00000000a3e00000, 0x00000000a3f00000, 0x00000000a3f00000|100%| O|  |TAMS 0x00000000a3f00000, 0x00000000a3e00000| Untracked 
|  63|0x00000000a3f00000, 0x00000000a4000000, 0x00000000a4000000|100%| O|  |TAMS 0x00000000a4000000, 0x00000000a3f00000| Untracked 
|  64|0x00000000a4000000, 0x00000000a4100000, 0x00000000a4100000|100%| O|  |TAMS 0x00000000a4100000, 0x00000000a4000000| Untracked 
|  65|0x00000000a4100000, 0x00000000a4200000, 0x00000000a4200000|100%| O|  |TAMS 0x00000000a4200000, 0x00000000a4100000| Untracked 
|  66|0x00000000a4200000, 0x00000000a4300000, 0x00000000a4300000|100%| O|  |TAMS 0x00000000a4300000, 0x00000000a4200000| Untracked 
|  67|0x00000000a4300000, 0x00000000a4400000, 0x00000000a4400000|100%| O|  |TAMS 0x00000000a4400000, 0x00000000a4300000| Untracked 
|  68|0x00000000a4400000, 0x00000000a4500000, 0x00000000a4500000|100%| O|  |TAMS 0x00000000a4500000, 0x00000000a4400000| Untracked 
|  69|0x00000000a4500000, 0x00000000a4600000, 0x00000000a4600000|100%| O|  |TAMS 0x00000000a4600000, 0x00000000a4500000| Untracked 
|  70|0x00000000a4600000, 0x00000000a4700000, 0x00000000a4700000|100%| O|  |TAMS 0x00000000a4700000, 0x00000000a4600000| Untracked 
|  71|0x00000000a4700000, 0x00000000a4800000, 0x00000000a4800000|100%| O|  |TAMS 0x00000000a4800000, 0x00000000a4700000| Untracked 
|  72|0x00000000a4800000, 0x00000000a4900000, 0x00000000a4900000|100%| O|  |TAMS 0x00000000a4900000, 0x00000000a4800000| Untracked 
|  73|0x00000000a4900000, 0x00000000a4a00000, 0x00000000a4a00000|100%| O|  |TAMS 0x00000000a49e9e00, 0x00000000a4900000| Untracked 
|  74|0x00000000a4a00000, 0x00000000a4b00000, 0x00000000a4b00000|100%| O|  |TAMS 0x00000000a4a00000, 0x00000000a4a00000| Untracked 
|  75|0x00000000a4b00000, 0x00000000a4c00000, 0x00000000a4c00000|100%| O|  |TAMS 0x00000000a4b00000, 0x00000000a4b00000| Untracked 
|  76|0x00000000a4c00000, 0x00000000a4d00000, 0x00000000a4d00000|100%| O|  |TAMS 0x00000000a4c00000, 0x00000000a4c00000| Untracked 
|  77|0x00000000a4d00000, 0x00000000a4e00000, 0x00000000a4e00000|100%| O|  |TAMS 0x00000000a4d00000, 0x00000000a4d00000| Untracked 
|  78|0x00000000a4e00000, 0x00000000a4f00000, 0x00000000a4f00000|100%| O|  |TAMS 0x00000000a4e00000, 0x00000000a4e00000| Untracked 
|  79|0x00000000a4f00000, 0x00000000a5000000, 0x00000000a5000000|100%| O|  |TAMS 0x00000000a4f00000, 0x00000000a4f00000| Untracked 
|  80|0x00000000a5000000, 0x00000000a5100000, 0x00000000a5100000|100%| O|  |TAMS 0x00000000a5000000, 0x00000000a5000000| Untracked 
|  81|0x00000000a5100000, 0x00000000a5200000, 0x00000000a5200000|100%| O|  |TAMS 0x00000000a5100000, 0x00000000a5100000| Untracked 
|  82|0x00000000a5200000, 0x00000000a5300000, 0x00000000a5300000|100%| O|  |TAMS 0x00000000a5200000, 0x00000000a5200000| Untracked 
|  83|0x00000000a5300000, 0x00000000a5400000, 0x00000000a5400000|100%| O|  |TAMS 0x00000000a5300000, 0x00000000a5300000| Untracked 
|  84|0x00000000a5400000, 0x00000000a5500000, 0x00000000a5500000|100%| O|  |TAMS 0x00000000a5400000, 0x00000000a5400000| Untracked 
|  85|0x00000000a5500000, 0x00000000a55e2000, 0x00000000a5600000| 88%| O|  |TAMS 0x00000000a5500000, 0x00000000a5500000| Untracked 
|  86|0x00000000a5600000, 0x00000000a5600000, 0x00000000a5700000|  0%| F|  |TAMS 0x00000000a5600000, 0x00000000a5600000| Untracked 
|  87|0x00000000a5700000, 0x00000000a5700000, 0x00000000a5800000|  0%| F|  |TAMS 0x00000000a5700000, 0x00000000a5700000| Untracked 
|  88|0x00000000a5800000, 0x00000000a5800000, 0x00000000a5900000|  0%| F|  |TAMS 0x00000000a5800000, 0x00000000a5800000| Untracked 
|  89|0x00000000a5900000, 0x00000000a5900000, 0x00000000a5a00000|  0%| F|  |TAMS 0x00000000a5900000, 0x00000000a5900000| Untracked 
|  90|0x00000000a5a00000, 0x00000000a5a00000, 0x00000000a5b00000|  0%| F|  |TAMS 0x00000000a5a00000, 0x00000000a5a00000| Untracked 
|  91|0x00000000a5b00000, 0x00000000a5b00000, 0x00000000a5c00000|  0%| F|  |TAMS 0x00000000a5b00000, 0x00000000a5b00000| Untracked 
|  92|0x00000000a5c00000, 0x00000000a5c00000, 0x00000000a5d00000|  0%| F|  |TAMS 0x00000000a5c00000, 0x00000000a5c00000| Untracked 
|  93|0x00000000a5d00000, 0x00000000a5d00000, 0x00000000a5e00000|  0%| F|  |TAMS 0x00000000a5d00000, 0x00000000a5d00000| Untracked 
|  94|0x00000000a5e00000, 0x00000000a5e00000, 0x00000000a5f00000|  0%| F|  |TAMS 0x00000000a5e00000, 0x00000000a5e00000| Untracked 
|  95|0x00000000a5f00000, 0x00000000a5f00000, 0x00000000a6000000|  0%| F|  |TAMS 0x00000000a5f00000, 0x00000000a5f00000| Untracked 
|  96|0x00000000a6000000, 0x00000000a6000000, 0x00000000a6100000|  0%| F|  |TAMS 0x00000000a6000000, 0x00000000a6000000| Untracked 
|  97|0x00000000a6100000, 0x00000000a6100000, 0x00000000a6200000|  0%| F|  |TAMS 0x00000000a6100000, 0x00000000a6100000| Untracked 
|  98|0x00000000a6200000, 0x00000000a6200000, 0x00000000a6300000|  0%| F|  |TAMS 0x00000000a6200000, 0x00000000a6200000| Untracked 
|  99|0x00000000a6300000, 0x00000000a6300000, 0x00000000a6400000|  0%| F|  |TAMS 0x00000000a6300000, 0x00000000a6300000| Untracked 
| 100|0x00000000a6400000, 0x00000000a6400000, 0x00000000a6500000|  0%| F|  |TAMS 0x00000000a6400000, 0x00000000a6400000| Untracked 
| 101|0x00000000a6500000, 0x00000000a6500000, 0x00000000a6600000|  0%| F|  |TAMS 0x00000000a6500000, 0x00000000a6500000| Untracked 
| 102|0x00000000a6600000, 0x00000000a6600000, 0x00000000a6700000|  0%| F|  |TAMS 0x00000000a6600000, 0x00000000a6600000| Untracked 
| 103|0x00000000a6700000, 0x00000000a6700000, 0x00000000a6800000|  0%| F|  |TAMS 0x00000000a6700000, 0x00000000a6700000| Untracked 
| 104|0x00000000a6800000, 0x00000000a6800000, 0x00000000a6900000|  0%| F|  |TAMS 0x00000000a6800000, 0x00000000a6800000| Untracked 
| 105|0x00000000a6900000, 0x00000000a6900000, 0x00000000a6a00000|  0%| F|  |TAMS 0x00000000a6900000, 0x00000000a6900000| Untracked 
| 106|0x00000000a6a00000, 0x00000000a6a00000, 0x00000000a6b00000|  0%| F|  |TAMS 0x00000000a6a00000, 0x00000000a6a00000| Untracked 
| 107|0x00000000a6b00000, 0x00000000a6b00000, 0x00000000a6c00000|  0%| F|  |TAMS 0x00000000a6b00000, 0x00000000a6b00000| Untracked 
| 108|0x00000000a6c00000, 0x00000000a6c00000, 0x00000000a6d00000|  0%| F|  |TAMS 0x00000000a6c00000, 0x00000000a6c00000| Untracked 
| 109|0x00000000a6d00000, 0x00000000a6d419c0, 0x00000000a6e00000| 25%| S|CS|TAMS 0x00000000a6d00000, 0x00000000a6d00000| Complete 
| 110|0x00000000a6e00000, 0x00000000a6f00000, 0x00000000a6f00000|100%| S|CS|TAMS 0x00000000a6e00000, 0x00000000a6e00000| Complete 
| 111|0x00000000a6f00000, 0x00000000a7000000, 0x00000000a7000000|100%| S|CS|TAMS 0x00000000a6f00000, 0x00000000a6f00000| Complete 
| 112|0x00000000a7000000, 0x00000000a7100000, 0x00000000a7100000|100%| S|CS|TAMS 0x00000000a7000000, 0x00000000a7000000| Complete 
| 113|0x00000000a7100000, 0x00000000a7200000, 0x00000000a7200000|100%| S|CS|TAMS 0x00000000a7100000, 0x00000000a7100000| Complete 
| 114|0x00000000a7200000, 0x00000000a7300000, 0x00000000a7300000|100%| S|CS|TAMS 0x00000000a7200000, 0x00000000a7200000| Complete 
| 115|0x00000000a7300000, 0x00000000a7300000, 0x00000000a7400000|  0%| F|  |TAMS 0x00000000a7300000, 0x00000000a7300000| Untracked 
| 116|0x00000000a7400000, 0x00000000a7400000, 0x00000000a7500000|  0%| F|  |TAMS 0x00000000a7400000, 0x00000000a7400000| Untracked 
| 117|0x00000000a7500000, 0x00000000a7500000, 0x00000000a7600000|  0%| F|  |TAMS 0x00000000a7500000, 0x00000000a7500000| Untracked 
| 118|0x00000000a7600000, 0x00000000a7600000, 0x00000000a7700000|  0%| F|  |TAMS 0x00000000a7600000, 0x00000000a7600000| Untracked 
| 119|0x00000000a7700000, 0x00000000a7700000, 0x00000000a7800000|  0%| F|  |TAMS 0x00000000a7700000, 0x00000000a7700000| Untracked 
| 120|0x00000000a7800000, 0x00000000a7800000, 0x00000000a7900000|  0%| F|  |TAMS 0x00000000a7800000, 0x00000000a7800000| Untracked 
| 121|0x00000000a7900000, 0x00000000a7900000, 0x00000000a7a00000|  0%| F|  |TAMS 0x00000000a7900000, 0x00000000a7900000| Untracked 
| 122|0x00000000a7a00000, 0x00000000a7a00000, 0x00000000a7b00000|  0%| F|  |TAMS 0x00000000a7a00000, 0x00000000a7a00000| Untracked 
| 123|0x00000000a7b00000, 0x00000000a7b00000, 0x00000000a7c00000|  0%| F|  |TAMS 0x00000000a7b00000, 0x00000000a7b00000| Untracked 
| 124|0x00000000a7c00000, 0x00000000a7c00000, 0x00000000a7d00000|  0%| F|  |TAMS 0x00000000a7c00000, 0x00000000a7c00000| Untracked 
| 125|0x00000000a7d00000, 0x00000000a7d00000, 0x00000000a7e00000|  0%| F|  |TAMS 0x00000000a7d00000, 0x00000000a7d00000| Untracked 
| 126|0x00000000a7e00000, 0x00000000a7e00000, 0x00000000a7f00000|  0%| F|  |TAMS 0x00000000a7e00000, 0x00000000a7e00000| Untracked 
| 127|0x00000000a7f00000, 0x00000000a7f00000, 0x00000000a8000000|  0%| F|  |TAMS 0x00000000a7f00000, 0x00000000a7f00000| Untracked 
| 128|0x00000000a8000000, 0x00000000a8000000, 0x00000000a8100000|  0%| F|  |TAMS 0x00000000a8000000, 0x00000000a8000000| Untracked 
| 129|0x00000000a8100000, 0x00000000a8100000, 0x00000000a8200000|  0%| F|  |TAMS 0x00000000a8100000, 0x00000000a8100000| Untracked 
| 130|0x00000000a8200000, 0x00000000a8200000, 0x00000000a8300000|  0%| F|  |TAMS 0x00000000a8200000, 0x00000000a8200000| Untracked 
| 131|0x00000000a8300000, 0x00000000a8300000, 0x00000000a8400000|  0%| F|  |TAMS 0x00000000a8300000, 0x00000000a8300000| Untracked 
| 132|0x00000000a8400000, 0x00000000a8400000, 0x00000000a8500000|  0%| F|  |TAMS 0x00000000a8400000, 0x00000000a8400000| Untracked 
| 133|0x00000000a8500000, 0x00000000a8500000, 0x00000000a8600000|  0%| F|  |TAMS 0x00000000a8500000, 0x00000000a8500000| Untracked 
| 134|0x00000000a8600000, 0x00000000a8600000, 0x00000000a8700000|  0%| F|  |TAMS 0x00000000a8600000, 0x00000000a8600000| Untracked 
| 135|0x00000000a8700000, 0x00000000a8700000, 0x00000000a8800000|  0%| F|  |TAMS 0x00000000a8700000, 0x00000000a8700000| Untracked 
| 136|0x00000000a8800000, 0x00000000a8800000, 0x00000000a8900000|  0%| F|  |TAMS 0x00000000a8800000, 0x00000000a8800000| Untracked 
| 137|0x00000000a8900000, 0x00000000a8900000, 0x00000000a8a00000|  0%| F|  |TAMS 0x00000000a8900000, 0x00000000a8900000| Untracked 
| 138|0x00000000a8a00000, 0x00000000a8a00000, 0x00000000a8b00000|  0%| F|  |TAMS 0x00000000a8a00000, 0x00000000a8a00000| Untracked 
| 139|0x00000000a8b00000, 0x00000000a8b00000, 0x00000000a8c00000|  0%| F|  |TAMS 0x00000000a8b00000, 0x00000000a8b00000| Untracked 
| 140|0x00000000a8c00000, 0x00000000a8c00000, 0x00000000a8d00000|  0%| F|  |TAMS 0x00000000a8c00000, 0x00000000a8c00000| Untracked 
| 141|0x00000000a8d00000, 0x00000000a8d00000, 0x00000000a8e00000|  0%| F|  |TAMS 0x00000000a8d00000, 0x00000000a8d00000| Untracked 
| 142|0x00000000a8e00000, 0x00000000a8e00000, 0x00000000a8f00000|  0%| F|  |TAMS 0x00000000a8e00000, 0x00000000a8e00000| Untracked 
| 143|0x00000000a8f00000, 0x00000000a8f00000, 0x00000000a9000000|  0%| F|  |TAMS 0x00000000a8f00000, 0x00000000a8f00000| Untracked 
| 144|0x00000000a9000000, 0x00000000a9000000, 0x00000000a9100000|  0%| F|  |TAMS 0x00000000a9000000, 0x00000000a9000000| Untracked 
| 145|0x00000000a9100000, 0x00000000a9100000, 0x00000000a9200000|  0%| F|  |TAMS 0x00000000a9100000, 0x00000000a9100000| Untracked 
| 146|0x00000000a9200000, 0x00000000a9200000, 0x00000000a9300000|  0%| F|  |TAMS 0x00000000a9200000, 0x00000000a9200000| Untracked 
| 147|0x00000000a9300000, 0x00000000a9300000, 0x00000000a9400000|  0%| F|  |TAMS 0x00000000a9300000, 0x00000000a9300000| Untracked 
| 148|0x00000000a9400000, 0x00000000a944a248, 0x00000000a9500000| 28%| E|  |TAMS 0x00000000a9400000, 0x00000000a9400000| Complete 
| 149|0x00000000a9500000, 0x00000000a9600000, 0x00000000a9600000|100%| E|CS|TAMS 0x00000000a9500000, 0x00000000a9500000| Complete 
| 150|0x00000000a9600000, 0x00000000a9700000, 0x00000000a9700000|100%| E|CS|TAMS 0x00000000a9600000, 0x00000000a9600000| Complete 
| 151|0x00000000a9700000, 0x00000000a9800000, 0x00000000a9800000|100%| E|CS|TAMS 0x00000000a9700000, 0x00000000a9700000| Complete 
| 152|0x00000000a9800000, 0x00000000a9900000, 0x00000000a9900000|100%| E|CS|TAMS 0x00000000a9800000, 0x00000000a9800000| Complete 
| 153|0x00000000a9900000, 0x00000000a9a00000, 0x00000000a9a00000|100%| E|CS|TAMS 0x00000000a9900000, 0x00000000a9900000| Complete 
| 154|0x00000000a9a00000, 0x00000000a9b00000, 0x00000000a9b00000|100%| E|CS|TAMS 0x00000000a9a00000, 0x00000000a9a00000| Complete 

Card table byte_map: [0x0000018f77870000,0x0000018f77b70000] _byte_map_base: 0x0000018f77370000

Marking Bits (Prev, Next): (CMBitMap*) 0x0000018f64dce010, (CMBitMap*) 0x0000018f64dcdfd0
 Prev Bits: [0x0000018f79670000, 0x0000018f7ae70000)
 Next Bits: [0x0000018f77e70000, 0x0000018f79670000)

Polling page: 0x0000018f62d00000

Metaspace:

Usage:
  Non-class:     83.46 MB used.
      Class:     13.26 MB used.
       Both:     96.72 MB used.

Virtual space:
  Non-class space:       88.00 MB reserved,      83.94 MB ( 95%) committed,  11 nodes.
      Class space:        1.00 GB reserved,      13.62 MB (  1%) committed,  1 nodes.
             Both:        1.09 GB reserved,      97.56 MB (  9%) committed. 

Chunk freelists:
   Non-Class:  3.91 MB
       Class:  2.36 MB
        Both:  6.27 MB

MaxMetaspaceSize: unlimited
CompressedClassSpaceSize: 1.00 GB
Initial GC threshold: 21.00 MB
Current GC threshold: 158.06 MB
CDS: off
MetaspaceReclaimPolicy: balanced
 - commit_granule_bytes: 65536.
 - commit_granule_words: 8192.
 - virtual_space_node_default_size: 1048576.
 - enlarge_chunks_in_place: 1.
 - new_chunks_are_fully_committed: 0.
 - uncommit_free_chunks: 1.
 - use_allocation_guard: 0.
 - handle_deallocations: 1.


Internal statistics:

num_allocs_failed_limit: 8.
num_arena_births: 918.
num_arena_deaths: 0.
num_vsnodes_births: 12.
num_vsnodes_deaths: 0.
num_space_committed: 1561.
num_space_uncommitted: 0.
num_chunks_returned_to_freelist: 8.
num_chunks_taken_from_freelist: 4539.
num_chunk_merges: 3.
num_chunk_splits: 3048.
num_chunks_enlarged: 2075.
num_purges: 0.
num_inconsistent_stats: 0.

CodeHeap 'non-profiled nmethods': size=120000Kb used=5123Kb max_used=5123Kb free=114876Kb
 bounds [0x0000018f6fd10000, 0x0000018f70220000, 0x0000018f77240000]
CodeHeap 'profiled nmethods': size=120000Kb used=18046Kb max_used=18046Kb free=101953Kb
 bounds [0x0000018f68240000, 0x0000018f693e0000, 0x0000018f6f770000]
CodeHeap 'non-nmethods': size=5760Kb used=2411Kb max_used=2457Kb free=3348Kb
 bounds [0x0000018f6f770000, 0x0000018f6f9f0000, 0x0000018f6fd10000]
 total_blobs=10316 nmethods=9377 adapters=851
 compilation: enabled
              stopped_count=0, restarted_count=0
 full_count=0

Compilation events (20 events):
Event: 26.701 Thread 0x0000018f7e46c530 10346       3       java.util.Spliterators$EmptySpliterator::forEachRemaining (6 bytes)
Event: 26.701 Thread 0x0000018f7e46c530 nmethod 10346 0x0000018f693dc190 code [0x0000018f693dc340, 0x0000018f693dc5a8]
Event: 26.702 Thread 0x0000018f7e46c530 10347       3       java.util.Spliterators$EmptySpliterator$OfRef::forEachRemaining (6 bytes)
Event: 26.702 Thread 0x0000018f7e46c530 nmethod 10347 0x0000018f693dc690 code [0x0000018f693dc840, 0x0000018f693dcb08]
Event: 26.708 Thread 0x0000018f7e4544d0 nmethod 10344 0x0000018f70210010 code [0x0000018f702101a0, 0x0000018f702104d8]
Event: 26.831 Thread 0x0000018f7e4544d0 10348       4       java.util.ArrayList::<init> (63 bytes)
Event: 26.832 Thread 0x0000018f7e46c530 10351       2       org.gradle.internal.logging.text.AbstractLineChoppingStyledTextOutput$2::execute (77 bytes)
Event: 26.833 Thread 0x0000018f7e46c530 nmethod 10351 0x0000018f693dcc10 code [0x0000018f693dce20, 0x0000018f693dd208]
Event: 26.833 Thread 0x0000018f7e46c530 10354       3       org.gradle.internal.io.LineBufferingOutputStream::write (59 bytes)
Event: 26.835 Thread 0x0000018f7e46c530 nmethod 10354 0x0000018f693dd490 code [0x0000018f693dd740, 0x0000018f693de538]
Event: 26.835 Thread 0x0000018f7e46c530 10355       3       org.gradle.internal.io.StreamByteBuffer$StreamByteBufferOutputStream::write (22 bytes)
Event: 26.835 Thread 0x0000018f7e46c530 nmethod 10355 0x0000018f693dea90 code [0x0000018f693dec40, 0x0000018f693dee18]
Event: 26.835 Thread 0x0000018f7e46c530 10356       3       org.gradle.internal.io.StreamByteBuffer$StreamByteBufferChunk::write (32 bytes)
Event: 26.835 Thread 0x0000018f7e46c530 nmethod 10356 0x0000018f693def90 code [0x0000018f693df140, 0x0000018f693df2f8]
Event: 26.835 Thread 0x0000018f7e46c530 10357       3       org.gradle.internal.io.LineBufferingOutputStream::endsWithLineSeparator (27 bytes)
Event: 26.835 Thread 0x0000018f7e46c530 nmethod 10357 0x0000018f693df410 code [0x0000018f693df5a0, 0x0000018f693df758]
Event: 26.835 Thread 0x0000018f7e46c530 10359       3       org.gradle.internal.operations.CurrentBuildOperationRef::instance (4 bytes)
Event: 26.835 Thread 0x0000018f7e46c530 nmethod 10359 0x0000018f693df810 code [0x0000018f693df9a0, 0x0000018f693dfa98]
Event: 26.837 Thread 0x0000018f7e4544d0 nmethod 10348 0x0000018f70210690 code [0x0000018f70210820, 0x0000018f70210c58]
Event: 26.837 Thread 0x0000018f7e4544d0 10352       4       org.gradle.internal.logging.text.AbstractLineChoppingStyledTextOutput::doAppend (43 bytes)

GC Heap History (20 events):
Event: 14.532 GC heap before
{Heap before GC invocations=41 (full 0):
 garbage-first heap   total 122880K, used 73471K [0x00000000a0000000, 0x0000000100000000)
  region size 1024K, 17 young (17408K), 5 survivors (5120K)
 Metaspace       used 77141K, committed 77760K, reserved 1122304K
  class space    used 10390K, committed 10688K, reserved 1048576K
}
Event: 14.540 GC heap after
{Heap after GC invocations=42 (full 0):
 garbage-first heap   total 122880K, used 63202K [0x00000000a0000000, 0x0000000100000000)
  region size 1024K, 2 young (2048K), 2 survivors (2048K)
 Metaspace       used 77141K, committed 77760K, reserved 1122304K
  class space    used 10390K, committed 10688K, reserved 1048576K
}
Event: 15.452 GC heap before
{Heap before GC invocations=43 (full 0):
 garbage-first heap   total 122880K, used 99042K [0x00000000a0000000, 0x0000000100000000)
  region size 1024K, 36 young (36864K), 2 survivors (2048K)
 Metaspace       used 80222K, committed 80832K, reserved 1122304K
  class space    used 10787K, committed 11072K, reserved 1048576K
}
Event: 15.459 GC heap after
{Heap after GC invocations=44 (full 0):
 garbage-first heap   total 122880K, used 64694K [0x00000000a0000000, 0x0000000100000000)
  region size 1024K, 3 young (3072K), 3 survivors (3072K)
 Metaspace       used 80222K, committed 80832K, reserved 1122304K
  class space    used 10787K, committed 11072K, reserved 1048576K
}
Event: 15.838 GC heap before
{Heap before GC invocations=44 (full 0):
 garbage-first heap   total 122880K, used 99510K [0x00000000a0000000, 0x0000000100000000)
  region size 1024K, 37 young (37888K), 3 survivors (3072K)
 Metaspace       used 80731K, committed 81408K, reserved 1122304K
  class space    used 10890K, committed 11200K, reserved 1048576K
}
Event: 15.846 GC heap after
{Heap after GC invocations=45 (full 0):
 garbage-first heap   total 122880K, used 67419K [0x00000000a0000000, 0x0000000100000000)
  region size 1024K, 5 young (5120K), 5 survivors (5120K)
 Metaspace       used 80731K, committed 81408K, reserved 1122304K
  class space    used 10890K, committed 11200K, reserved 1048576K
}
Event: 16.243 GC heap before
{Heap before GC invocations=46 (full 0):
 garbage-first heap   total 130048K, used 100187K [0x00000000a0000000, 0x0000000100000000)
  region size 1024K, 37 young (37888K), 5 survivors (5120K)
 Metaspace       used 80841K, committed 81472K, reserved 1122304K
  class space    used 10903K, committed 11200K, reserved 1048576K
}
Event: 16.253 GC heap after
{Heap after GC invocations=47 (full 0):
 garbage-first heap   total 130048K, used 69247K [0x00000000a0000000, 0x0000000100000000)
  region size 1024K, 2 young (2048K), 2 survivors (2048K)
 Metaspace       used 80841K, committed 81472K, reserved 1122304K
  class space    used 10903K, committed 11200K, reserved 1048576K
}
Event: 16.935 GC heap before
{Heap before GC invocations=47 (full 0):
 garbage-first heap   total 130048K, used 106111K [0x00000000a0000000, 0x0000000100000000)
  region size 1024K, 38 young (38912K), 2 survivors (2048K)
 Metaspace       used 82931K, committed 83520K, reserved 1122304K
  class space    used 11190K, committed 11456K, reserved 1048576K
}
Event: 16.943 GC heap after
{Heap after GC invocations=48 (full 0):
 garbage-first heap   total 130048K, used 72457K [0x00000000a0000000, 0x0000000100000000)
  region size 1024K, 5 young (5120K), 5 survivors (5120K)
 Metaspace       used 82931K, committed 83520K, reserved 1122304K
  class space    used 11190K, committed 11456K, reserved 1048576K
}
Event: 17.922 GC heap before
{Heap before GC invocations=49 (full 0):
 garbage-first heap   total 130048K, used 107273K [0x00000000a0000000, 0x0000000100000000)
  region size 1024K, 39 young (39936K), 5 survivors (5120K)
 Metaspace       used 86669K, committed 87296K, reserved 1130496K
  class space    used 11889K, committed 12160K, reserved 1048576K
}
Event: 17.934 GC heap after
{Heap after GC invocations=50 (full 0):
 garbage-first heap   total 130048K, used 74648K [0x00000000a0000000, 0x0000000100000000)
  region size 1024K, 3 young (3072K), 3 survivors (3072K)
 Metaspace       used 86669K, committed 87296K, reserved 1130496K
  class space    used 11889K, committed 12160K, reserved 1048576K
}
Event: 18.611 GC heap before
{Heap before GC invocations=50 (full 0):
 garbage-first heap   total 130048K, used 107416K [0x00000000a0000000, 0x0000000100000000)
  region size 1024K, 35 young (35840K), 3 survivors (3072K)
 Metaspace       used 88260K, committed 88960K, reserved 1130496K
  class space    used 12112K, committed 12416K, reserved 1048576K
}
Event: 18.619 GC heap after
{Heap after GC invocations=51 (full 0):
 garbage-first heap   total 156672K, used 77863K [0x00000000a0000000, 0x0000000100000000)
  region size 1024K, 5 young (5120K), 5 survivors (5120K)
 Metaspace       used 88260K, committed 88960K, reserved 1130496K
  class space    used 12112K, committed 12416K, reserved 1048576K
}
Event: 19.950 GC heap before
{Heap before GC invocations=52 (full 0):
 garbage-first heap   total 156672K, used 125991K [0x00000000a0000000, 0x0000000100000000)
  region size 1024K, 52 young (53248K), 5 survivors (5120K)
 Metaspace       used 92180K, committed 92992K, reserved 1130496K
  class space    used 12749K, committed 13120K, reserved 1048576K
}
Event: 19.970 GC heap after
{Heap after GC invocations=53 (full 0):
 garbage-first heap   total 156672K, used 82036K [0x00000000a0000000, 0x0000000100000000)
  region size 1024K, 7 young (7168K), 7 survivors (7168K)
 Metaspace       used 92180K, committed 92992K, reserved 1130496K
  class space    used 12749K, committed 13120K, reserved 1048576K
}
Event: 21.184 GC heap before
{Heap before GC invocations=53 (full 0):
 garbage-first heap   total 156672K, used 127092K [0x00000000a0000000, 0x0000000100000000)
  region size 1024K, 51 young (52224K), 7 survivors (7168K)
 Metaspace       used 96042K, committed 96832K, reserved 1138688K
  class space    used 13224K, committed 13568K, reserved 1048576K
}
Event: 21.204 GC heap after
{Heap after GC invocations=54 (full 0):
 garbage-first heap   total 156672K, used 87038K [0x00000000a0000000, 0x0000000100000000)
  region size 1024K, 5 young (5120K), 5 survivors (5120K)
 Metaspace       used 96042K, committed 96832K, reserved 1138688K
  class space    used 13224K, committed 13568K, reserved 1048576K
}
Event: 22.330 GC heap before
{Heap before GC invocations=55 (full 0):
 garbage-first heap   total 158720K, used 126974K [0x00000000a0000000, 0x0000000100000000)
  region size 1024K, 45 young (46080K), 5 survivors (5120K)
 Metaspace       used 98631K, committed 99392K, reserved 1138688K
  class space    used 13508K, committed 13824K, reserved 1048576K
}
Event: 22.344 GC heap after
{Heap after GC invocations=56 (full 0):
 garbage-first heap   total 158720K, used 92506K [0x00000000a0000000, 0x0000000100000000)
  region size 1024K, 6 young (6144K), 6 survivors (6144K)
 Metaspace       used 98631K, committed 99392K, reserved 1138688K
  class space    used 13508K, committed 13824K, reserved 1048576K
}

Dll operation events (2 events):
Event: 0.008 Loaded shared library C:\Program Files\Android\Android Studio\jbr\bin\java.dll
Event: 0.459 Loaded shared library C:\Program Files\Android\Android Studio\jbr\bin\verify.dll

Deoptimization events (20 events):
Event: 22.309 Thread 0x0000018f01b13b00 DEOPT PACKING pc=0x0000018f693846db sp=0x0000006f3c6fc0b0
Event: 22.309 Thread 0x0000018f01b13b00 DEOPT UNPACKING pc=0x0000018f6f7cace3 sp=0x0000006f3c6fb5d0 mode 0
Event: 22.312 Thread 0x0000018f01b13b00 DEOPT PACKING pc=0x0000018f693846db sp=0x0000006f3c6fc0b0
Event: 22.312 Thread 0x0000018f01b13b00 DEOPT UNPACKING pc=0x0000018f6f7cace3 sp=0x0000006f3c6fb5d0 mode 0
Event: 22.313 Thread 0x0000018f01b13b00 DEOPT PACKING pc=0x0000018f693846db sp=0x0000006f3c6fc0b0
Event: 22.313 Thread 0x0000018f01b13b00 DEOPT UNPACKING pc=0x0000018f6f7cace3 sp=0x0000006f3c6fb5d0 mode 0
Event: 22.315 Thread 0x0000018f01b13b00 DEOPT PACKING pc=0x0000018f693846db sp=0x0000006f3c6fc0b0
Event: 22.315 Thread 0x0000018f01b13b00 DEOPT UNPACKING pc=0x0000018f6f7cace3 sp=0x0000006f3c6fb5d0 mode 0
Event: 22.349 Thread 0x0000018f01b13b00 Uncommon trap: trap_request=0xffffff45 fr.pc=0x0000018f701f8dc4 relative=0x0000000000000624
Event: 22.349 Thread 0x0000018f01b13b00 Uncommon trap: reason=unstable_if action=reinterpret pc=0x0000018f701f8dc4 method=org.gradle.internal.snapshot.VfsRelativePath.lengthOfCommonPrefix(Ljava/lang/String;Lorg/gradle/internal/snapshot/CaseSensitivity;)I @ 165 c2
Event: 22.349 Thread 0x0000018f01b13b00 DEOPT PACKING pc=0x0000018f701f8dc4 sp=0x0000006f3c6fcf60
Event: 22.349 Thread 0x0000018f01b13b00 DEOPT UNPACKING pc=0x0000018f6f7ca1a3 sp=0x0000006f3c6fcef0 mode 2
Event: 22.388 Thread 0x0000018f01b13b00 Uncommon trap: trap_request=0xffffffc6 fr.pc=0x0000018f6fdcbd68 relative=0x0000000000000788
Event: 22.388 Thread 0x0000018f01b13b00 Uncommon trap: reason=bimorphic_or_optimized_type_check action=maybe_recompile pc=0x0000018f6fdcbd68 method=java.util.stream.MatchOps$MatchOp.evaluateSequential(Ljava/util/stream/PipelineHelper;Ljava/util/Spliterator;)Ljava/lang/Boolean; @ 14 c2
Event: 22.388 Thread 0x0000018f01b13b00 DEOPT PACKING pc=0x0000018f6fdcbd68 sp=0x0000006f3c6faf90
Event: 22.388 Thread 0x0000018f01b13b00 DEOPT UNPACKING pc=0x0000018f6f7ca1a3 sp=0x0000006f3c6faec8 mode 2
Event: 22.389 Thread 0x0000018f01b13b00 Uncommon trap: trap_request=0xffffffc6 fr.pc=0x0000018f6fdcbd68 relative=0x0000000000000788
Event: 22.389 Thread 0x0000018f01b13b00 Uncommon trap: reason=bimorphic_or_optimized_type_check action=maybe_recompile pc=0x0000018f6fdcbd68 method=java.util.stream.MatchOps$MatchOp.evaluateSequential(Ljava/util/stream/PipelineHelper;Ljava/util/Spliterator;)Ljava/lang/Boolean; @ 14 c2
Event: 22.389 Thread 0x0000018f01b13b00 DEOPT PACKING pc=0x0000018f6fdcbd68 sp=0x0000006f3c6faf90
Event: 22.389 Thread 0x0000018f01b13b00 DEOPT UNPACKING pc=0x0000018f6f7ca1a3 sp=0x0000006f3c6faec8 mode 2

Classes unloaded (0 events):
No events

Classes redefined (0 events):
No events

Internal exceptions (20 events):
Event: 22.433 Thread 0x0000018f01b13b00 Exception <a 'java/lang/ClassNotFoundException'{0x00000000a9786150}: org/gradle/process/internal/DefaultExecAction_DecoratedBeanInfo> (0x00000000a9786150) 
thrown [s\src\hotspot\share\classfile\systemDictionary.cpp, line 256]
Event: 22.433 Thread 0x0000018f01b13b00 Exception <a 'java/lang/ClassNotFoundException'{0x00000000a9797358}: org/gradle/process/internal/DefaultExecActionBeanInfo> (0x00000000a9797358) 
thrown [s\src\hotspot\share\classfile\systemDictionary.cpp, line 256]
Event: 22.434 Thread 0x0000018f01b13b00 Exception <a 'java/lang/ClassNotFoundException'{0x00000000a97a9198}: org/gradle/process/internal/DefaultExecHandleBuilderBeanInfo> (0x00000000a97a9198) 
thrown [s\src\hotspot\share\classfile\systemDictionary.cpp, line 256]
Event: 22.436 Thread 0x0000018f01b13b00 Exception <a 'java/lang/ClassNotFoundException'{0x00000000a97bba48}: org/gradle/process/internal/AbstractExecHandleBuilderBeanInfo> (0x00000000a97bba48) 
thrown [s\src\hotspot\share\classfile\systemDictionary.cpp, line 256]
Event: 22.438 Thread 0x0000018f01b13b00 Exception <a 'java/lang/ClassNotFoundException'{0x00000000a97ceb60}: org/gradle/process/internal/DefaultProcessForkOptionsBeanInfo> (0x00000000a97ceb60) 
thrown [s\src\hotspot\share\classfile\systemDictionary.cpp, line 256]
Event: 22.439 Thread 0x0000018f01b13b00 Exception <a 'java/lang/ClassNotFoundException'{0x00000000a97e1270}: org/gradle/process/internal/DefaultProcessForkOptionsCustomizer> (0x00000000a97e1270) 
thrown [s\src\hotspot\share\classfile\systemDictionary.cpp, line 256]
Event: 22.442 Thread 0x0000018f01b13b00 Exception <a 'java/lang/ClassNotFoundException'{0x00000000a9601d28}: org/gradle/process/internal/AbstractExecHandleBuilderCustomizer> (0x00000000a9601d28) 
thrown [s\src\hotspot\share\classfile\systemDictionary.cpp, line 256]
Event: 22.444 Thread 0x0000018f01b13b00 Exception <a 'java/lang/ClassNotFoundException'{0x00000000a9626120}: org/gradle/process/internal/DefaultExecHandleBuilderCustomizer> (0x00000000a9626120) 
thrown [s\src\hotspot\share\classfile\systemDictionary.cpp, line 256]
Event: 22.447 Thread 0x0000018f01b13b00 Exception <a 'java/lang/ClassNotFoundException'{0x00000000a9665c50}: org/gradle/process/internal/DefaultExecActionCustomizer> (0x00000000a9665c50) 
thrown [s\src\hotspot\share\classfile\systemDictionary.cpp, line 256]
Event: 22.449 Thread 0x0000018f01b13b00 Exception <a 'java/lang/ClassNotFoundException'{0x00000000a96813a8}: org/gradle/process/internal/DefaultExecAction_DecoratedCustomizer> (0x00000000a96813a8) 
thrown [s\src\hotspot\share\classfile\systemDictionary.cpp, line 256]
Event: 22.456 Thread 0x0000018f01b13b00 Exception <a 'java/lang/ClassNotFoundException'{0x00000000a96ba7c0}: org/gradle/api/logging/LogLevelBeanInfo> (0x00000000a96ba7c0) 
thrown [s\src\hotspot\share\classfile\systemDictionary.cpp, line 256]
Event: 22.458 Thread 0x0000018f01b13b00 Exception <a 'java/lang/ClassNotFoundException'{0x00000000a96cb630}: org/gradle/api/logging/LogLevelCustomizer> (0x00000000a96cb630) 
thrown [s\src\hotspot\share\classfile\systemDictionary.cpp, line 256]
Event: 22.462 Thread 0x0000018f01b13b00 Exception <a 'java/lang/ClassNotFoundException'{0x00000000a950fc10}: org/gradle/internal/logging/services/DefaultLoggingManagerBeanInfo> (0x00000000a950fc10) 
thrown [s\src\hotspot\share\classfile\systemDictionary.cpp, line 256]
Event: 22.463 Thread 0x0000018f01b13b00 Exception <a 'java/lang/ClassNotFoundException'{0x00000000a95213d0}: org/gradle/internal/logging/services/DefaultLoggingManagerCustomizer> (0x00000000a95213d0) 
thrown [s\src\hotspot\share\classfile\systemDictionary.cpp, line 256]
Event: 22.469 Thread 0x0000018f01b13b00 Exception <a 'java/lang/ClassNotFoundException'{0x00000000a9552838}: java/lang/BooleanBeanInfo> (0x00000000a9552838) 
thrown [s\src\hotspot\share\classfile\systemDictionary.cpp, line 256]
Event: 22.469 Thread 0x0000018f01b13b00 Exception <a 'java/lang/ClassNotFoundException'{0x00000000a9559860}: java/lang/BooleanCustomizer> (0x00000000a9559860) 
thrown [s\src\hotspot\share\classfile\systemDictionary.cpp, line 256]
Event: 22.712 Thread 0x0000018f01ca2bc0 Exception <a 'java/lang/NoSuchMethodError'{0x00000000a95c78e0}: 'void java.lang.invoke.DirectMethodHandle$Holder.invokeStatic(java.lang.Object, long)'> (0x00000000a95c78e0) 
thrown [s\src\hotspot\share\interpreter\linkResolver.cpp, line 771]
Event: 22.713 Thread 0x0000018f01ca2bc0 Exception <a 'java/lang/NoSuchMethodError'{0x00000000a95dff48}: 'java.lang.Object java.lang.invoke.DirectMethodHandle$Holder.newInvokeSpecial(java.lang.Object, long)'> (0x00000000a95dff48) 
thrown [s\src\hotspot\share\interpreter\linkResolver.cpp, line 771]
Event: 22.717 Thread 0x0000018f01ca2bc0 Exception <a 'java/lang/NoSuchMethodError'{0x00000000a95e6a30}: 'java.lang.Object java.lang.invoke.DirectMethodHandle$Holder.invokeStatic(java.lang.Object, java.lang.Object, long, java.lang.Object)'> (0x00000000a95e6a30) 
thrown [s\src\hotspot\share\interpreter\linkResolver.cpp, line 771]
Event: 22.717 Thread 0x0000018f01ca2bc0 Exception <a 'java/lang/NoSuchMethodError'{0x00000000a95ea480}: 'java.lang.Object java.lang.invoke.DirectMethodHandle$Holder.invokeStaticInit(java.lang.Object, java.lang.Object, long, java.lang.Object)'> (0x00000000a95ea480) 
thrown [s\src\hotspot\share\interpreter\linkResolver.cpp, line 771]

VM Operations (20 events):
Event: 21.408 Executing VM operation: G1Concurrent
Event: 21.413 Executing VM operation: G1Concurrent done
Event: 21.628 Executing VM operation: HandshakeAllThreads
Event: 21.628 Executing VM operation: HandshakeAllThreads done
Event: 21.901 Executing VM operation: HandshakeAllThreads
Event: 21.902 Executing VM operation: HandshakeAllThreads done
Event: 22.329 Executing VM operation: G1CollectForAllocation
Event: 22.344 Executing VM operation: G1CollectForAllocation done
Event: 22.367 Executing VM operation: HandshakeAllThreads
Event: 22.368 Executing VM operation: HandshakeAllThreads done
Event: 22.370 Executing VM operation: HandshakeAllThreads
Event: 22.370 Executing VM operation: HandshakeAllThreads done
Event: 22.375 Executing VM operation: HandshakeAllThreads
Event: 22.376 Executing VM operation: HandshakeAllThreads done
Event: 22.723 Executing VM operation: HandshakeAllThreads
Event: 22.724 Executing VM operation: HandshakeAllThreads done
Event: 23.728 Executing VM operation: Cleanup
Event: 23.728 Executing VM operation: Cleanup done
Event: 26.827 Executing VM operation: HandshakeAllThreads
Event: 26.828 Executing VM operation: HandshakeAllThreads done

Events (20 events):
Event: 22.468 loading class java/lang/BooleanBeanInfo done
Event: 22.469 loading class java/lang/BooleanBeanInfo
Event: 22.469 loading class java/lang/BooleanBeanInfo done
Event: 22.469 loading class java/lang/BooleanCustomizer
Event: 22.469 loading class java/lang/BooleanCustomizer done
Event: 22.469 loading class java/lang/BooleanCustomizer
Event: 22.469 loading class java/lang/BooleanCustomizer done
Event: 22.487 Thread 0x0000018f01ca2bc0 Thread added: 0x0000018f01ca2bc0
Event: 22.490 loading class java/lang/ProcessImpl
Event: 22.491 loading class java/lang/ProcessImpl done
Event: 22.714 loading class java/lang/ProcessHandleImpl
Event: 22.716 loading class java/lang/ProcessHandleImpl done
Event: 22.718 loading class java/lang/ProcessImpl$2
Event: 22.718 loading class java/lang/ProcessImpl$2 done
Event: 22.718 loading class java/lang/Process$PipeInputStream
Event: 22.719 loading class java/lang/Process$PipeInputStream done
Event: 22.724 loading class jdk/internal/event/ProcessStartEvent
Event: 22.724 loading class jdk/internal/event/ProcessStartEvent done
Event: 22.726 Thread 0x0000018f01ca3a30 Thread added: 0x0000018f01ca3a30
Event: 22.726 Thread 0x0000018f01ca60b0 Thread added: 0x0000018f01ca60b0


Dynamic libraries:
0x00007ff7f4cd0000 - 0x00007ff7f4cda000 	C:\Program Files\Android\Android Studio\jbr\bin\java.exe
0x00007ffdf9d30000 - 0x00007ffdf9f44000 	C:\WINDOWS\SYSTEM32\ntdll.dll
0x00007ffdf8ea0000 - 0x00007ffdf8f64000 	C:\WINDOWS\System32\KERNEL32.DLL
0x00007ffdf7410000 - 0x00007ffdf77b4000 	C:\WINDOWS\System32\KERNELBASE.dll
0x00007ffdf79a0000 - 0x00007ffdf7ab1000 	C:\WINDOWS\System32\ucrtbase.dll
0x00007ffded400000 - 0x00007ffded41b000 	C:\Program Files\Android\Android Studio\jbr\bin\VCRUNTIME140.dll
0x00007ffdf2de0000 - 0x00007ffdf2df7000 	C:\Program Files\Android\Android Studio\jbr\bin\jli.dll
0x00007ffdf8440000 - 0x00007ffdf85ee000 	C:\WINDOWS\System32\USER32.dll
0x00007ffdcf980000 - 0x00007ffdcfc13000 	C:\WINDOWS\WinSxS\amd64_microsoft.windows.common-controls_6595b64144ccf1df_6.0.22621.2215_none_270d72677387dfc3\COMCTL32.dll
0x00007ffdf73e0000 - 0x00007ffdf7406000 	C:\WINDOWS\System32\win32u.dll
0x00007ffdf7f70000 - 0x00007ffdf7f99000 	C:\WINDOWS\System32\GDI32.dll
0x00007ffdf8df0000 - 0x00007ffdf8e97000 	C:\WINDOWS\System32\msvcrt.dll
0x00007ffdf7160000 - 0x00007ffdf7278000 	C:\WINDOWS\System32\gdi32full.dll
0x00007ffdf7340000 - 0x00007ffdf73da000 	C:\WINDOWS\System32\msvcp_win.dll
0x00007ffdf9190000 - 0x00007ffdf91c1000 	C:\WINDOWS\System32\IMM32.DLL
0x00007ffded3f0000 - 0x00007ffded3fc000 	C:\Program Files\Android\Android Studio\jbr\bin\vcruntime140_1.dll
0x00007ffdd7200000 - 0x00007ffdd728d000 	C:\Program Files\Android\Android Studio\jbr\bin\msvcp140.dll
0x00007ffda0de0000 - 0x00007ffda1a4d000 	C:\Program Files\Android\Android Studio\jbr\bin\server\jvm.dll
0x00007ffdf85f0000 - 0x00007ffdf86a0000 	C:\WINDOWS\System32\ADVAPI32.dll
0x00007ffdf91d0000 - 0x00007ffdf9276000 	C:\WINDOWS\System32\sechost.dll
0x00007ffdf8cd0000 - 0x00007ffdf8de7000 	C:\WINDOWS\System32\RPCRT4.dll
0x00007ffded2a0000 - 0x00007ffded2d4000 	C:\WINDOWS\SYSTEM32\WINMM.dll
0x00007ffdece50000 - 0x00007ffdece5a000 	C:\WINDOWS\SYSTEM32\VERSION.dll
0x00007ffdd7780000 - 0x00007ffdd7789000 	C:\WINDOWS\SYSTEM32\WSOCK32.dll
0x00007ffdf9280000 - 0x00007ffdf92f1000 	C:\WINDOWS\System32\WS2_32.dll
0x00007ffdf6220000 - 0x00007ffdf6238000 	C:\WINDOWS\SYSTEM32\kernel.appcore.dll
0x00007ffded390000 - 0x00007ffded39a000 	C:\Program Files\Android\Android Studio\jbr\bin\jimage.dll
0x00007ffdf4320000 - 0x00007ffdf454e000 	C:\WINDOWS\SYSTEM32\DBGHELP.DLL
0x00007ffdf80b0000 - 0x00007ffdf843a000 	C:\WINDOWS\System32\combase.dll
0x00007ffdf9c10000 - 0x00007ffdf9ce7000 	C:\WINDOWS\System32\OLEAUT32.dll
0x00007ffdec100000 - 0x00007ffdec132000 	C:\WINDOWS\SYSTEM32\dbgcore.DLL
0x00007ffdf70e0000 - 0x00007ffdf715a000 	C:\WINDOWS\System32\bcryptPrimitives.dll
0x00007ffdd72e0000 - 0x00007ffdd7305000 	C:\Program Files\Android\Android Studio\jbr\bin\java.dll
0x00007ffdea970000 - 0x00007ffdea988000 	C:\Program Files\Android\Android Studio\jbr\bin\zip.dll
0x00007ffdf93c0000 - 0x00007ffdf9be3000 	C:\WINDOWS\System32\SHELL32.dll
0x00007ffdf5080000 - 0x00007ffdf596a000 	C:\WINDOWS\SYSTEM32\windows.storage.dll
0x00007ffdf4f40000 - 0x00007ffdf507e000 	C:\WINDOWS\SYSTEM32\wintypes.dll
0x00007ffdf7fb0000 - 0x00007ffdf80a3000 	C:\WINDOWS\System32\SHCORE.dll
0x00007ffdf7cd0000 - 0x00007ffdf7d2e000 	C:\WINDOWS\System32\shlwapi.dll
0x00007ffdf7010000 - 0x00007ffdf7036000 	C:\WINDOWS\SYSTEM32\profapi.dll
0x00007ffdea4e0000 - 0x00007ffdea4f9000 	C:\Program Files\Android\Android Studio\jbr\bin\net.dll
0x00007ffdf2900000 - 0x00007ffdf2a37000 	C:\WINDOWS\SYSTEM32\WINHTTP.dll
0x00007ffdf66a0000 - 0x00007ffdf6709000 	C:\WINDOWS\system32\mswsock.dll
0x00007ffdd77c0000 - 0x00007ffdd77d6000 	C:\Program Files\Android\Android Studio\jbr\bin\nio.dll
0x00007ffdd72d0000 - 0x00007ffdd72e0000 	C:\Program Files\Android\Android Studio\jbr\bin\verify.dll
0x00007ffdd1280000 - 0x00007ffdd12a7000 	C:\Users\Abhishek\.gradle\native\e1d6ef7f7dcc3fd88c89a11ec53ec762bb8ba0a96d01ffa2cd45eb1d1d8dd5c5\windows-amd64\native-platform.dll
0x00007ffdba0c0000 - 0x00007ffdba204000 	C:\Users\Abhishek\.gradle\native\0d407fdbe67a94daf76414ababcb853783967236a71b16ec16e742cd7a986fd3\windows-amd64\native-platform-file-events.dll
0x00007ffdd72c0000 - 0x00007ffdd72c9000 	C:\Program Files\Android\Android Studio\jbr\bin\management.dll
0x00007ffdd72b0000 - 0x00007ffdd72bb000 	C:\Program Files\Android\Android Studio\jbr\bin\management_ext.dll
0x00007ffdf8c50000 - 0x00007ffdf8c58000 	C:\WINDOWS\System32\PSAPI.DLL
0x00007ffdf68f0000 - 0x00007ffdf690b000 	C:\WINDOWS\SYSTEM32\CRYPTSP.dll
0x00007ffdf6190000 - 0x00007ffdf61c5000 	C:\WINDOWS\system32\rsaenh.dll
0x00007ffdf6790000 - 0x00007ffdf67bc000 	C:\WINDOWS\SYSTEM32\USERENV.dll
0x00007ffdf6a90000 - 0x00007ffdf6ab8000 	C:\WINDOWS\SYSTEM32\bcrypt.dll
0x00007ffdf6910000 - 0x00007ffdf691c000 	C:\WINDOWS\SYSTEM32\CRYPTBASE.dll
0x00007ffdf5c40000 - 0x00007ffdf5c6d000 	C:\WINDOWS\SYSTEM32\IPHLPAPI.DLL
0x00007ffdf8c20000 - 0x00007ffdf8c29000 	C:\WINDOWS\System32\NSI.dll
0x00007ffdee390000 - 0x00007ffdee3a9000 	C:\WINDOWS\SYSTEM32\dhcpcsvc6.DLL
0x00007ffded4d0000 - 0x00007ffded4ef000 	C:\WINDOWS\SYSTEM32\dhcpcsvc.DLL
0x00007ffdf5c70000 - 0x00007ffdf5d62000 	C:\WINDOWS\SYSTEM32\DNSAPI.dll
0x00007ffdd1270000 - 0x00007ffdd1278000 	C:\WINDOWS\system32\wshunix.dll

dbghelp: loaded successfully - version: 4.0.5 - missing functions: none
symbol engine: initialized successfully - sym options: 0x614 - pdb path: .;C:\Program Files\Android\Android Studio\jbr\bin;C:\WINDOWS\SYSTEM32;C:\WINDOWS\WinSxS\amd64_microsoft.windows.common-controls_6595b64144ccf1df_6.0.22621.2215_none_270d72677387dfc3;C:\Program Files\Android\Android Studio\jbr\bin\server;C:\Users\Abhishek\.gradle\native\e1d6ef7f7dcc3fd88c89a11ec53ec762bb8ba0a96d01ffa2cd45eb1d1d8dd5c5\windows-amd64;C:\Users\Abhishek\.gradle\native\0d407fdbe67a94daf76414ababcb853783967236a71b16ec16e742cd7a986fd3\windows-amd64

VM Arguments:
jvm_args: --add-opens=java.base/java.util=ALL-UNNAMED --add-opens=java.base/java.lang=ALL-UNNAMED --add-opens=java.base/java.lang.invoke=ALL-UNNAMED --add-opens=java.base/java.util=ALL-UNNAMED --add-opens=java.prefs/java.util.prefs=ALL-UNNAMED --add-opens=java.prefs/java.util.prefs=ALL-UNNAMED --add-opens=java.base/java.nio.charset=ALL-UNNAMED --add-opens=java.base/java.net=ALL-UNNAMED --add-opens=java.base/java.util.concurrent.atomic=ALL-UNNAMED -Xmx1536M -Dfile.encoding=windows-1252 -Duser.country=IN -Duser.language=en -Duser.variant 
java_command: org.gradle.launcher.daemon.bootstrap.GradleDaemon 7.5
java_class_path (initial): C:\Users\Abhishek\.gradle\wrapper\dists\gradle-7.5-all\6qsw290k5lz422uaf8jf6m7co\gradle-7.5\lib\gradle-launcher-7.5.jar
Launcher Type: SUN_STANDARD

[Global flags]
     intx CICompilerCount                          = 4                                         {product} {ergonomic}
     uint ConcGCThreads                            = 2                                         {product} {ergonomic}
     uint G1ConcRefinementThreads                  = 8                                         {product} {ergonomic}
   size_t G1HeapRegionSize                         = 1048576                                   {product} {ergonomic}
    uintx GCDrainStackTargetSize                   = 64                                        {product} {ergonomic}
   size_t InitialHeapSize                          = 132120576                                 {product} {ergonomic}
   size_t MarkStackSize                            = 4194304                                   {product} {ergonomic}
   size_t MaxHeapSize                              = 1610612736                                {product} {command line}
   size_t MaxNewSize                               = 965738496                                 {product} {ergonomic}
   size_t MinHeapDeltaBytes                        = 1048576                                   {product} {ergonomic}
   size_t MinHeapSize                              = 8388608                                   {product} {ergonomic}
    uintx NonNMethodCodeHeapSize                   = 5839372                                {pd product} {ergonomic}
    uintx NonProfiledCodeHeapSize                  = 122909434                              {pd product} {ergonomic}
    uintx ProfiledCodeHeapSize                     = 122909434                              {pd product} {ergonomic}
    uintx ReservedCodeCacheSize                    = 251658240                              {pd product} {ergonomic}
     bool SegmentedCodeCache                       = true                                      {product} {ergonomic}
   size_t SoftMaxHeapSize                          = 1610612736                             {manageable} {ergonomic}
     bool UseCompressedClassPointers               = true                           {product lp64_product} {ergonomic}
     bool UseCompressedOops                        = true                           {product lp64_product} {ergonomic}
     bool UseG1GC                                  = true                                      {product} {ergonomic}
     bool UseLargePagesIndividualAllocation        = false                                  {pd product} {ergonomic}

Logging:
Log output configuration:
 #0: stdout all=warning uptime,level,tags
 #1: stderr all=off uptime,level,tags

Environment Variables:
JAVA_HOME=C:\Program Files\Android\Android Studio\jbr
CLASSPATH=C:\Users\Abhishek\OneDrive\Desktop\cal-fal\cal\android\\gradle\wrapper\gradle-wrapper.jar
PATH=C:\Program Files\Android\Android Studio\jbr\bin;C:\Python311\Scripts\;C:\Python311\;C:\Program Files (x86)\Common Files\Intel\Shared Libraries\redist\intel64\compiler;C:\Program Files (x86)\Common Files\Oracle\Java\javapath;C:\Program Files\Common Files\Oracle\Java\javapath;C:\Windows\system32;C:\Windows;C:\Windows\System32\Wbem;C:\Windows\System32\WindowsPowerShell\v1.0\;C:\Windows\System32\OpenSSH\;C:\MinGW\bin;C:\Program Files\Java\jdk-17.0.1\bin;C:\Users\Abhishek\gradle\bin;C:\Program Files\Microsoft SQL Server\Client SDK\ODBC\170\Tools\Binn\;C:\Program Files (x86)\Microsoft SQL Server\150\Tools\Binn\;C:\Program Files\Microsoft SQL Server\150\Tools\Binn\;C:\Program Files\Microsoft SQL Server\150\DTS\Binn\;C:\Program Files\Azure Data Studio\bin;C:\Program Files\dotnet\;C:\WINDOWS\system32;C:\WINDOWS;C:\WINDOWS\System32\Wbem;C:\WINDOWS\System32\WindowsPowerShell\v1.0\;C:\WINDOWS\System32\OpenSSH\;C:\Program Files (x86)\Windows Kits\10\Windows Performance Toolkit\;C:\Program Files\nodejs\;C:\ProgramData\chocolatey\bin;C:\Program Files\Git\cmd;C:\Program Files\MySQL\MySQL Server 8.0\bin;C:\Users\Abhishek\AppData\Local\GitHubDesktop\bin;C:\Users\Abhishek\AppData\Local\Programs\Microsoft VS Code\bin;C:\src\flutter\bin;;C:\src\flutter\bin\mingit\cmd
USERNAME=Abhishek
OS=Windows_NT
PROCESSOR_IDENTIFIER=Intel64 Family 6 Model 140 Stepping 1, GenuineIntel
TMP=C:\Users\Abhishek\AppData\Local\Temp
TEMP=C:\Users\Abhishek\AppData\Local\Temp



---------------  S Y S T E M  ---------------

OS:
 Windows 11 , 64 bit Build 22621 (10.0.22621.2215)
OS uptime: 0 days 0:22 hours

CPU: total 8 (initial active 8) (4 cores per cpu, 2 threads per core) family 6 model 140 stepping 1 microcode 0x8a, cx8, cmov, fxsr, ht, mmx, 3dnowpref, sse, sse2, sse3, ssse3, sse4.1, sse4.2, popcnt, lzcnt, tsc, tscinvbit, avx, avx2, aes, erms, clmul, bmi1, bmi2, adx, avx512f, avx512dq, avx512cd, avx512bw, avx512vl, sha, fma, vzeroupper, avx512_vpopcntdq, avx512_vpclmulqdq, avx512_vaes, avx512_vnni, clflush, clflushopt, clwb, avx512_vbmi2, avx512_vbmi

Memory: 4k page, system-wide physical 7971M (233M free)
TotalPageFile size 16163M (AvailPageFile size 0M)
current process WorkingSet (physical memory assigned to process): 303M, peak: 377M
current process commit charge ("private bytes"): 419M, peak: 440M

vm_info: OpenJDK 64-Bit Server VM (17.0.6+0-b2043.56-9586694) for windows-amd64 JRE (17.0.6+0-b2043.56-9586694), built on Feb  9 2023 20:06:20 by "androidbuild" with MS VC++ 16.10 / 16.11 (VS2019)

END.
